<?xml version="1.0" encoding="UTF-8"?>
<testsuite name="runner.TestRunner" time="0.959" tests="10" errors="0" skipped="0" failures="0">
  <properties>
[...]
</properties>
  <testcase name="Given Open site in &quot;chrome&quot;" classname="| chrome |" time="0.001"/>
  <testcase name="Then navigate to the site" classname="| chrome |" time="0"/>
  <testcase name="Then verify the home page title" classname="| chrome |" time="0"/>
  <testcase name="Then verify the home page title" classname="| chrome |" time="0"/>
  <testcase name="And Accept the cookies" classname="| chrome |" time="0"/>
  <testcase name="Then Click Linkden for logging in" classname="| chrome |" time="0"/>
  <testcase name="Then Click on the profile icon at the top right of the page" classname="| chrome |" time="0"/>
  <testcase name="Then Click on Bank logo" classname="| chrome |" time="0"/>
  <testcase name="Then verify home page title after clicking on logo" classname="| chrome |" time="0"/>
  <testcase name="| chrome |" classname="| chrome |" time="0.958"/>
</testsuite>