<?xml version="1.0" encoding="UTF-8"?>
<testsuite name="runner.TestRunner" time="0.049" tests="7" errors="2" skipped="0" failures="0">
  <properties>
[...]
</properties>
  <testcase name="Given Open site in &quot;chrome&quot;" classname="| chrome |" time="0.001"/>
  <testcase name="Then navigate to the site" classname="| chrome |" time="0"/>
  <testcase name="Then verify the home page title" classname="| chrome |" time="0"/>
  <testcase name="And Accept the cookies" classname="| chrome |" time="0"/>
  <testcase name="Then click view article link" classname="| chrome |" time="0"/>
  <testcase name="Then click all Articles in home page" classname="| chrome |" time="0.022">
    <error message="element click intercepted: Element &lt;span class=&quot;c185 c1642 c1618&quot;&gt;...&lt;/span&gt; is not clickable at point (736, 390). Other element would receive the click: &lt;div class=&quot;c1613 c1610&quot;&gt;...&lt;/div&gt;&#10;  (Session info: chrome=92.0.4515.159)&#10;Build info: version: &apos;3.141.59&apos;, revision: &apos;e82be7d358&apos;, time: &apos;2018-11-14T08:17:03&apos;&#10;System info: host: &apos;LT-5CD03610PH&apos;, ip: &apos;192.168.0.103&apos;, os.name: &apos;Windows 10&apos;, os.arch: &apos;amd64&apos;, os.version: &apos;10.0&apos;, java.version: &apos;11.0.9&apos;&#10;Driver info: org.openqa.selenium.chrome.ChromeDriver&#10;Capabilities {acceptInsecureCerts: false, browserName: chrome, browserVersion: 92.0.4515.159, chrome: {chromedriverVersion: 92.0.4515.107 (87a818b10553..., userDataDir: C:\Users\VENKAT~1.KUN\AppDa...}, goog:chromeOptions: {debuggerAddress: localhost:65027}, javascriptEnabled: true, networkConnectionEnabled: false, pageLoadStrategy: normal, platform: WINDOWS, platformName: WINDOWS, proxy: Proxy(), setWindowRect: true, strictFileInteractability: false, timeouts: {implicit: 0, pageLoad: 300000, script: 30000}, unhandledPromptBehavior: dismiss and notify, webauthn:extension:credBlob: true, webauthn:extension:largeBlob: true, webauthn:virtualAuthenticators: true}&#10;Session ID: 6cb556adc676831ebd23eed8b74f71ee" type="org.openqa.selenium.ElementClickInterceptedException"><![CDATA[org.openqa.selenium.ElementClickInterceptedException: element click intercepted: Element <span class="c185 c1642 c1618">...</span> is not clickable at point (736, 390). Other element would receive the click: <div class="c1613 c1610">...</div>
  (Session info: chrome=92.0.4515.159)
Build info: version: '3.141.59', revision: 'e82be7d358', time: '2018-11-14T08:17:03'
System info: host: 'LT-5CD03610PH', ip: '192.168.0.103', os.name: 'Windows 10', os.arch: 'amd64', os.version: '10.0', java.version: '11.0.9'
Driver info: org.openqa.selenium.chrome.ChromeDriver
Capabilities {acceptInsecureCerts: false, browserName: chrome, browserVersion: 92.0.4515.159, chrome: {chromedriverVersion: 92.0.4515.107 (87a818b10553..., userDataDir: C:\Users\VENKAT~1.KUN\AppDa...}, goog:chromeOptions: {debuggerAddress: localhost:65027}, javascriptEnabled: true, networkConnectionEnabled: false, pageLoadStrategy: normal, platform: WINDOWS, platformName: WINDOWS, proxy: Proxy(), setWindowRect: true, strictFileInteractability: false, timeouts: {implicit: 0, pageLoad: 300000, script: 30000}, unhandledPromptBehavior: dismiss and notify, webauthn:extension:credBlob: true, webauthn:extension:largeBlob: true, webauthn:virtualAuthenticators: true}
Session ID: 6cb556adc676831ebd23eed8b74f71ee
	at java.base/jdk.internal.reflect.NativeConstructorAccessorImpl.newInstance0(Native Method)
	at java.base/jdk.internal.reflect.NativeConstructorAccessorImpl.newInstance(NativeConstructorAccessorImpl.java:62)
	at java.base/jdk.internal.reflect.DelegatingConstructorAccessorImpl.newInstance(DelegatingConstructorAccessorImpl.java:45)
	at java.base/java.lang.reflect.Constructor.newInstance(Constructor.java:490)
	at org.openqa.selenium.remote.http.W3CHttpResponseCodec.createException(W3CHttpResponseCodec.java:187)
	at org.openqa.selenium.remote.http.W3CHttpResponseCodec.decode(W3CHttpResponseCodec.java:122)
	at org.openqa.selenium.remote.http.W3CHttpResponseCodec.decode(W3CHttpResponseCodec.java:49)
	at org.openqa.selenium.remote.HttpCommandExecutor.execute(HttpCommandExecutor.java:158)
	at org.openqa.selenium.remote.service.DriverCommandExecutor.execute(DriverCommandExecutor.java:83)
	at org.openqa.selenium.remote.RemoteWebDriver.execute(RemoteWebDriver.java:552)
	at org.openqa.selenium.remote.RemoteWebElement.execute(RemoteWebElement.java:285)
	at org.openqa.selenium.remote.RemoteWebElement.click(RemoteWebElement.java:84)
	at stepDefination.Clicking_Articles.click_all_Articles_in_home_page(Clicking_Articles.java:110)
	at ✽.Then click all Articles in home page(ClickingArticles.feature:9)
]]></error>
    <system-out><![CDATA[https://ulsterbankbusinesshub.ie/articles#
https://ulsterbankbusinesshub.ie/articles# is a valid link
https://ulsterbankbusinesshub.ie/
https://ulsterbankbusinesshub.ie/ is a valid link
https://ulsterbankbusinesshub.ie/business-guidance
https://ulsterbankbusinesshub.ie/business-guidance is a valid link
https://ulsterbankbusinesshub.ie/sectors
https://ulsterbankbusinesshub.ie/sectors is a valid link
https://ulsterbankbusinesshub.ie/toolkits
https://ulsterbankbusinesshub.ie/toolkits is a valid link
https://ulsterbankbusinesshub.ie/articles/12-august-2021-ulster-bank-weekly-economic-commentary
https://ulsterbankbusinesshub.ie/articles/12-august-2021-ulster-bank-weekly-economic-commentary is a valid link
https://ulsterbankbusinesshub.ie/articles/6-august-2021-ulster-bank-weekly-economic-commentary
https://ulsterbankbusinesshub.ie/articles/6-august-2021-ulster-bank-weekly-economic-commentary is a valid link
https://ulsterbankbusinesshub.ie/articles/30-july-2021-ulster-bank-weekly-economic-commentary
https://ulsterbankbusinesshub.ie/articles/30-july-2021-ulster-bank-weekly-economic-commentary is a valid link
https://ulsterbankbusinesshub.ie/articles/a-healthy-supply-logistics-in-healthcare
https://ulsterbankbusinesshub.ie/articles/a-healthy-supply-logistics-in-healthcare is a valid link
https://ulsterbankbusinesshub.ie/articles/23-july-2021-ulster-bank-weekly-economic-commentary
https://ulsterbankbusinesshub.ie/articles/23-july-2021-ulster-bank-weekly-economic-commentary is a valid link
https://ulsterbankbusinesshub.ie/articles/managing-your-business-and-your-well-being
https://ulsterbankbusinesshub.ie/articles/managing-your-business-and-your-well-being is a valid link
https://ulsterbankbusinesshub.ie/articles/16-july-2020-ulster-bank-weekly-economic-commentary
https://ulsterbankbusinesshub.ie/articles/16-july-2020-ulster-bank-weekly-economic-commentary is a valid link
https://ulsterbankbusinesshub.ie/articles/signed-sealed-delivered-managing-logistics-amid-disruption
https://ulsterbankbusinesshub.ie/articles/signed-sealed-delivered-managing-logistics-amid-disruption is a valid link
https://ulsterbankbusinesshub.ie/articles/9-july-2021-ulster-bank-weekly-economic-commentary
https://ulsterbankbusinesshub.ie/articles/9-july-2021-ulster-bank-weekly-economic-commentary is a valid link
https://ulsterbankbusinesshub.ie/articles/teaching-the-future-of-hospitality
https://ulsterbankbusinesshub.ie/articles/teaching-the-future-of-hospitality is a valid link
https://ulsterbankbusinesshub.ie/articles/2-july-2021-ulster-bank-weekly-economic-commentary
https://ulsterbankbusinesshub.ie/articles/2-july-2021-ulster-bank-weekly-economic-commentary is a valid link
https://ulsterbankbusinesshub.ie/articles/cyber-threats-to-smes-in-2021
https://ulsterbankbusinesshub.ie/articles/cyber-threats-to-smes-in-2021 is a valid link
https://ulsterbankbusinesshub.ie/articles/25-june-2021-ulster-bank-weekly-economic-commentary
https://ulsterbankbusinesshub.ie/articles/25-june-2021-ulster-bank-weekly-economic-commentary is a valid link
https://ulsterbankbusinesshub.ie/articles/18-june-2021-ulster-bank-weekly-economic-commentary
https://ulsterbankbusinesshub.ie/articles/18-june-2021-ulster-bank-weekly-economic-commentary is a valid link
https://ulsterbankbusinesshub.ie/articles/the-decade-to-deliver-sustainability-in-food-and-drink
https://ulsterbankbusinesshub.ie/articles/the-decade-to-deliver-sustainability-in-food-and-drink is a valid link
https://ulsterbankbusinesshub.ie/articles/five-tips-to-help-you-set-your-pricing-strategy
https://ulsterbankbusinesshub.ie/articles/five-tips-to-help-you-set-your-pricing-strategy is a valid link
https://ulsterbankbusinesshub.ie/articles/11-june-2021-ulster-bank-weekly-economic-commentary
https://ulsterbankbusinesshub.ie/articles/11-june-2021-ulster-bank-weekly-economic-commentary is a valid link
https://ulsterbankbusinesshub.ie/articles/e-commerce-balancing-online-with-instore
https://ulsterbankbusinesshub.ie/articles/e-commerce-balancing-online-with-instore is a valid link
https://ulsterbankbusinesshub.ie/articles/3-June-2021-ulster-bank-weekly-economic-commentary
https://ulsterbankbusinesshub.ie/articles/3-June-2021-ulster-bank-weekly-economic-commentary is a valid link
https://ulsterbankbusinesshub.ie/articles/home-for-the-summer-capitalising-on-staycations
https://ulsterbankbusinesshub.ie/articles/home-for-the-summer-capitalising-on-staycations is a valid link
https://ulsterbankbusinesshub.ie/articles/28-May-2021-ulster-bank-weekly-economic-commentary
https://ulsterbankbusinesshub.ie/articles/28-May-2021-ulster-bank-weekly-economic-commentary is a valid link
https://ulsterbankbusinesshub.ie/articles/the-future-of-food-meet-the-agile-manufacturers
https://ulsterbankbusinesshub.ie/articles/the-future-of-food-meet-the-agile-manufacturers is a valid link
https://ulsterbankbusinesshub.ie/articles/21-may-2021-ulster-bank-weekly-economic-commentary
https://ulsterbankbusinesshub.ie/articles/21-may-2021-ulster-bank-weekly-economic-commentary is a valid link
https://ulsterbankbusinesshub.ie/articles/14-may-2021-ulster-bank-weekly-economic-commentary
https://ulsterbankbusinesshub.ie/articles/14-may-2021-ulster-bank-weekly-economic-commentary is a valid link
https://ulsterbankbusinesshub.ie/articles/7-may-2021-ulster-bank-weekly-economic-commentary
https://ulsterbankbusinesshub.ie/articles/7-may-2021-ulster-bank-weekly-economic-commentary is a valid link
https://ulsterbankbusinesshub.ie/articles/30-04-2021-ulster-bank-weekly-economic-commentary
https://ulsterbankbusinesshub.ie/articles/30-04-2021-ulster-bank-weekly-economic-commentary is a valid link
https://ulsterbankbusinesshub.ie/articles/diversification-the-agriculture-trend-that-isnt-going-away
https://ulsterbankbusinesshub.ie/articles/diversification-the-agriculture-trend-that-isnt-going-away is a valid link
https://ulsterbankbusinesshub.ie/articles/26-04-21-ulster-bank-weekly-economic-commentary
https://ulsterbankbusinesshub.ie/articles/26-04-21-ulster-bank-weekly-economic-commentary is a valid link
https://ulsterbankbusinesshub.ie/articles/manufacturing-the-future
https://ulsterbankbusinesshub.ie/articles/manufacturing-the-future is a valid link
https://ulsterbankbusinesshub.ie/articles/19-04-21-ulster-bank-weekly-economic-commentary
https://ulsterbankbusinesshub.ie/articles/19-04-21-ulster-bank-weekly-economic-commentary is a valid link
https://ulsterbankbusinesshub.ie/articles/starting-a-business-in-2021-seven-things-you-need-to-know
https://ulsterbankbusinesshub.ie/articles/starting-a-business-in-2021-seven-things-you-need-to-know is a valid link
https://ulsterbankbusinesshub.ie/articles/exporting-experts-rules-of-origin-explained
https://ulsterbankbusinesshub.ie/articles/exporting-experts-rules-of-origin-explained is a valid link
https://ulsterbankbusinesshub.ie/articles/the-reality-of-brexits-first-100-days-for-irish-smes
https://ulsterbankbusinesshub.ie/articles/the-reality-of-brexits-first-100-days-for-irish-smes is a valid link
https://ulsterbankbusinesshub.ie/articles/ulster-bank-weekly-economic-commentary-01042021
https://ulsterbankbusinesshub.ie/articles/ulster-bank-weekly-economic-commentary-01042021 is a valid link
https://ulsterbankbusinesshub.ie/articles/export-expert-how-to-market-your-business-overseas
https://ulsterbankbusinesshub.ie/articles/export-expert-how-to-market-your-business-overseas is a valid link
https://ulsterbankbusinesshub.ie/articles/ulster-bank-weekly-economic-commentary-250321
https://ulsterbankbusinesshub.ie/articles/ulster-bank-weekly-economic-commentary-250321 is a valid link
https://ulsterbankbusinesshub.ie/articles/colm-brady-europcar-mobility-group-ireland
https://ulsterbankbusinesshub.ie/articles/colm-brady-europcar-mobility-group-ireland is a valid link
https://ulsterbankbusinesshub.ie/articles/ulster-bank-weekly-economic-commentary-220321
https://ulsterbankbusinesshub.ie/articles/ulster-bank-weekly-economic-commentary-220321 is a valid link
https://ulsterbankbusinesshub.ie/articles/vat-and-self-accounting-for-uk-imports-post-brexit
https://ulsterbankbusinesshub.ie/articles/vat-and-self-accounting-for-uk-imports-post-brexit is a valid link
https://ulsterbankbusinesshub.ie/articles/ulster-bank-weekly-economic-commentary-120321
https://ulsterbankbusinesshub.ie/articles/ulster-bank-weekly-economic-commentary-120321 is a valid link
https://ulsterbankbusinesshub.ie/
https://ulsterbankbusinesshub.ie/ is a valid link
https://ulsterbankbusinesshub.ie/static/accessibility-bh
https://ulsterbankbusinesshub.ie/static/accessibility-bh is a valid link
https://ulsterbankbusinesshub.ie/static/privacy
https://ulsterbankbusinesshub.ie/static/privacy is a valid link
https://ulsterbankbusinesshub.ie/static/terms-and-conditions-ulsterroi
https://ulsterbankbusinesshub.ie/static/terms-and-conditions-ulsterroi is a valid link
https://www.linkedin.com/company/ulster-bank
https://www.linkedin.com/company/ulster-bank is a broken link
https://twitter.com/UlsterBank
https://twitter.com/UlsterBank is a valid link
https://www.facebook.com/UlsterBank/
https://www.facebook.com/UlsterBank/ is a valid link
https://onetrust.com/poweredbyonetrust
https://onetrust.com/poweredbyonetrust is a valid link
http://ulsterbankbusinesshub.ie/Privacy/
http://ulsterbankbusinesshub.ie/Privacy/ is a valid link
https://onetrust.com/poweredbyonetrust
https://onetrust.com/poweredbyonetrust is a valid link
55
https://ulsterbankbusinesshub.ie/articles#
https://ulsterbankbusinesshub.ie/articles# is a valid link
https://ulsterbankbusinesshub.ie/
https://ulsterbankbusinesshub.ie/ is a valid link
https://ulsterbankbusinesshub.ie/business-guidance
https://ulsterbankbusinesshub.ie/business-guidance is a valid link
https://ulsterbankbusinesshub.ie/sectors
https://ulsterbankbusinesshub.ie/sectors is a valid link
https://ulsterbankbusinesshub.ie/toolkits
https://ulsterbankbusinesshub.ie/toolkits is a valid link
https://ulsterbankbusinesshub.ie/articles/talking-about-a-car-sharing-revolution
https://ulsterbankbusinesshub.ie/articles/talking-about-a-car-sharing-revolution is a valid link
https://ulsterbankbusinesshub.ie/articles/ulster-bank-weekly-economic-commentary-050321
https://ulsterbankbusinesshub.ie/articles/ulster-bank-weekly-economic-commentary-050321 is a valid link
https://ulsterbankbusinesshub.ie/articles/material-world-designing-products-with-a-difference
https://ulsterbankbusinesshub.ie/articles/material-world-designing-products-with-a-difference is a valid link
https://ulsterbankbusinesshub.ie/articles/ulster-bank-weekly-economic-commentary-010321
https://ulsterbankbusinesshub.ie/articles/ulster-bank-weekly-economic-commentary-010321 is a valid link
https://ulsterbankbusinesshub.ie/articles/ulster-bank-weekly-economic-commentary-220221
https://ulsterbankbusinesshub.ie/articles/ulster-bank-weekly-economic-commentary-220221 is a valid link
https://ulsterbankbusinesshub.ie/articles/ulster-bank-weekly-economic-commentary-120221
https://ulsterbankbusinesshub.ie/articles/ulster-bank-weekly-economic-commentary-120221 is a valid link
https://ulsterbankbusinesshub.ie/articles/agricultural-outlook-the-importance-of-health-and-safety
https://ulsterbankbusinesshub.ie/articles/agricultural-outlook-the-importance-of-health-and-safety is a valid link
https://ulsterbankbusinesshub.ie/articles/ulster-bank-weekly-economic-commentary-050221
https://ulsterbankbusinesshub.ie/articles/ulster-bank-weekly-economic-commentary-050221 is a valid link
https://ulsterbankbusinesshub.ie/articles/overcoming-barriers-to-growth
https://ulsterbankbusinesshub.ie/articles/overcoming-barriers-to-growth is a valid link
https://ulsterbankbusinesshub.ie/articles/driving-towards-the-future-electric-vehicles-in-ireland
https://ulsterbankbusinesshub.ie/articles/driving-towards-the-future-electric-vehicles-in-ireland is a valid link
https://ulsterbankbusinesshub.ie/articles/b83d9915-3090-be16-9965-287d5786d6d7
https://ulsterbankbusinesshub.ie/articles/b83d9915-3090-be16-9965-287d5786d6d7 is a valid link
https://ulsterbankbusinesshub.ie/articles/vanessa-tierney-abodoo
https://ulsterbankbusinesshub.ie/articles/vanessa-tierney-abodoo is a valid link
https://ulsterbankbusinesshub.ie/articles/28-january-2021-ulster-bank-weekly-economic-commentary
https://ulsterbankbusinesshub.ie/articles/28-january-2021-ulster-bank-weekly-economic-commentary is a valid link
https://ulsterbankbusinesshub.ie/articles/exporting-the-essentials-for-irish-businesses
https://ulsterbankbusinesshub.ie/articles/exporting-the-essentials-for-irish-businesses is a valid link
https://ulsterbankbusinesshub.ie/articles/ulster-bank-weekly-economic-commentary-220121
https://ulsterbankbusinesshub.ie/articles/ulster-bank-weekly-economic-commentary-220121 is a valid link
https://ulsterbankbusinesshub.ie/articles/jim-lenane-lenane-precision
https://ulsterbankbusinesshub.ie/articles/jim-lenane-lenane-precision is a valid link
https://ulsterbankbusinesshub.ie/articles/on-the-menu-2021s-food-and-drink-trends
https://ulsterbankbusinesshub.ie/articles/on-the-menu-2021s-food-and-drink-trends is a valid link
https://ulsterbankbusinesshub.ie/articles/661032c9-e47a-aa61-9973-b9113da0ef75
https://ulsterbankbusinesshub.ie/articles/661032c9-e47a-aa61-9973-b9113da0ef75 is a valid link
https://ulsterbankbusinesshub.ie/articles/irish-food-exporters-brace-for-brexit
https://ulsterbankbusinesshub.ie/articles/irish-food-exporters-brace-for-brexit is a valid link
https://ulsterbankbusinesshub.ie/articles/beyond-the-eu-exporting-for-smes-ub
https://ulsterbankbusinesshub.ie/articles/beyond-the-eu-exporting-for-smes-ub is a valid link
https://ulsterbankbusinesshub.ie/articles/ulster-bank-weekly-economic-commentary-080121
https://ulsterbankbusinesshub.ie/articles/ulster-bank-weekly-economic-commentary-080121 is a valid link
https://ulsterbankbusinesshub.ie/articles/irelands-2020-transport-vision
https://ulsterbankbusinesshub.ie/articles/irelands-2020-transport-vision is a valid link
https://ulsterbankbusinesshub.ie/articles/adapting-your-business-plan-for-growth-ubroi
https://ulsterbankbusinesshub.ie/articles/adapting-your-business-plan-for-growth-ubroi is a valid link
https://ulsterbankbusinesshub.ie/articles/aoife-darcy-krisolis
https://ulsterbankbusinesshub.ie/articles/aoife-darcy-krisolis is a valid link
https://ulsterbankbusinesshub.ie/articles/ulster-bank-weekly-economic-commentary-181220
https://ulsterbankbusinesshub.ie/articles/ulster-bank-weekly-economic-commentary-181220 is a valid link
https://ulsterbankbusinesshub.ie/articles/everything-gels-for-cf-pharma
https://ulsterbankbusinesshub.ie/articles/everything-gels-for-cf-pharma is a valid link
https://ulsterbankbusinesshub.ie/articles/beat-the-downturn-how-can-smes-navigate-the-recession
https://ulsterbankbusinesshub.ie/articles/beat-the-downturn-how-can-smes-navigate-the-recession is a valid link
https://ulsterbankbusinesshub.ie/articles/planning-ahead-for-2021
https://ulsterbankbusinesshub.ie/articles/planning-ahead-for-2021 is a valid link
https://ulsterbankbusinesshub.ie/articles/9da05823-847e-84e1-bc9f-b441484ab482
https://ulsterbankbusinesshub.ie/articles/9da05823-847e-84e1-bc9f-b441484ab482 is a valid link
https://ulsterbankbusinesshub.ie/articles/ulster-bank-weekly-economic-commentary-11-december-2020
https://ulsterbankbusinesshub.ie/articles/ulster-bank-weekly-economic-commentary-11-december-2020 is a valid link
https://ulsterbankbusinesshub.ie/articles/a6d2ba1a-47b3-a43e-8fe1-1c9fe758da3f
https://ulsterbankbusinesshub.ie/articles/a6d2ba1a-47b3-a43e-8fe1-1c9fe758da3f is a valid link
https://ulsterbankbusinesshub.ie/articles/moyee-coffee-taking-social-responsibility-in-2020
https://ulsterbankbusinesshub.ie/articles/moyee-coffee-taking-social-responsibility-in-2020 is a valid link
https://ulsterbankbusinesshub.ie/articles/ulster-bank-weekly-economic-commentary-041220
https://ulsterbankbusinesshub.ie/articles/ulster-bank-weekly-economic-commentary-041220 is a valid link
https://ulsterbankbusinesshub.ie/articles/what-a-renewables-revolution-means-for-ireland
https://ulsterbankbusinesshub.ie/articles/what-a-renewables-revolution-means-for-ireland is a valid link
https://ulsterbankbusinesshub.ie/articles/the-new-hybrid-workforce-how-to-get-it-right
https://ulsterbankbusinesshub.ie/articles/the-new-hybrid-workforce-how-to-get-it-right is a valid link
https://ulsterbankbusinesshub.ie/articles/4ce3068b-b9e8-ad59-8cba-5b8f6503c835
https://ulsterbankbusinesshub.ie/articles/4ce3068b-b9e8-ad59-8cba-5b8f6503c835 is a valid link
https://ulsterbankbusinesshub.ie/articles/how-to-deliver-a-remote-investment-pitch
https://ulsterbankbusinesshub.ie/articles/how-to-deliver-a-remote-investment-pitch is a valid link
https://ulsterbankbusinesshub.ie/articles/dc96d55f-762f-8586-870b-ecc1ef67c868
https://ulsterbankbusinesshub.ie/articles/dc96d55f-762f-8586-870b-ecc1ef67c868 is a valid link
https://ulsterbankbusinesshub.ie/articles/ulster-bank-weekly-economic-commentary-20-november-2020
https://ulsterbankbusinesshub.ie/articles/ulster-bank-weekly-economic-commentary-20-november-2020 is a valid link
https://ulsterbankbusinesshub.ie/articles/cyber-security-checklist-for-smes
https://ulsterbankbusinesshub.ie/articles/cyber-security-checklist-for-smes is a valid link
https://ulsterbankbusinesshub.ie/
https://ulsterbankbusinesshub.ie/ is a valid link
https://ulsterbankbusinesshub.ie/static/accessibility-bh
https://ulsterbankbusinesshub.ie/static/accessibility-bh is a valid link
https://ulsterbankbusinesshub.ie/static/privacy
https://ulsterbankbusinesshub.ie/static/privacy is a valid link
https://ulsterbankbusinesshub.ie/static/terms-and-conditions-ulsterroi
https://ulsterbankbusinesshub.ie/static/terms-and-conditions-ulsterroi is a valid link
https://www.linkedin.com/company/ulster-bank
https://www.linkedin.com/company/ulster-bank is a broken link
https://twitter.com/UlsterBank
https://twitter.com/UlsterBank is a valid link
https://www.facebook.com/UlsterBank/
https://www.facebook.com/UlsterBank/ is a valid link
https://onetrust.com/poweredbyonetrust
https://onetrust.com/poweredbyonetrust is a valid link
http://ulsterbankbusinesshub.ie/Privacy/
http://ulsterbankbusinesshub.ie/Privacy/ is a valid link
https://onetrust.com/poweredbyonetrust
https://onetrust.com/poweredbyonetrust is a valid link
55
https://ulsterbankbusinesshub.ie/articles#
https://ulsterbankbusinesshub.ie/articles# is a valid link
https://ulsterbankbusinesshub.ie/
https://ulsterbankbusinesshub.ie/ is a valid link
https://ulsterbankbusinesshub.ie/business-guidance
https://ulsterbankbusinesshub.ie/business-guidance is a valid link
https://ulsterbankbusinesshub.ie/sectors
https://ulsterbankbusinesshub.ie/sectors is a valid link
https://ulsterbankbusinesshub.ie/toolkits
https://ulsterbankbusinesshub.ie/toolkits is a valid link
https://ulsterbankbusinesshub.ie/articles/champion-green-shop-local-this-festive-period
https://ulsterbankbusinesshub.ie/articles/champion-green-shop-local-this-festive-period is a valid link
https://ulsterbankbusinesshub.ie/articles/irish-firms-answer-the-call-in-the-fight-against-covid-19
https://ulsterbankbusinesshub.ie/articles/irish-firms-answer-the-call-in-the-fight-against-covid-19 is a valid link
https://ulsterbankbusinesshub.ie/articles/ulster-bank-weekly-economic-commentary-131120
https://ulsterbankbusinesshub.ie/articles/ulster-bank-weekly-economic-commentary-131120 is a valid link
https://ulsterbankbusinesshub.ie/articles/shop-safely-this-black-friday
https://ulsterbankbusinesshub.ie/articles/shop-safely-this-black-friday is a valid link
https://ulsterbankbusinesshub.ie/articles/working-capital-advice-from-the-experts
https://ulsterbankbusinesshub.ie/articles/working-capital-advice-from-the-experts is a valid link
https://ulsterbankbusinesshub.ie/articles/working-capital-getting-to-grips-with-the-basics
https://ulsterbankbusinesshub.ie/articles/working-capital-getting-to-grips-with-the-basics is a valid link
https://ulsterbankbusinesshub.ie/articles/ulster-bank-weekly-economic-commentary-051120
https://ulsterbankbusinesshub.ie/articles/ulster-bank-weekly-economic-commentary-051120 is a valid link
https://ulsterbankbusinesshub.ie/articles/ulster-bank-weekly-economic-commentary-2-november-2020
https://ulsterbankbusinesshub.ie/articles/ulster-bank-weekly-economic-commentary-2-november-2020 is a valid link
https://ulsterbankbusinesshub.ie/articles/ulster-weekly-economic-commentary-26-october-2020
https://ulsterbankbusinesshub.ie/articles/ulster-weekly-economic-commentary-26-october-2020 is a valid link
https://ulsterbankbusinesshub.ie/articles/follow-the-leader-dr-john-mckeon-allergy-standards
https://ulsterbankbusinesshub.ie/articles/follow-the-leader-dr-john-mckeon-allergy-standards is a valid link
https://ulsterbankbusinesshub.ie/articles/ub-weekly-economic-commentary-19-oct
https://ulsterbankbusinesshub.ie/articles/ub-weekly-economic-commentary-19-oct is a valid link
https://ulsterbankbusinesshub.ie/articles/facing-the-future-together-support-for-agri-businesses
https://ulsterbankbusinesshub.ie/articles/facing-the-future-together-support-for-agri-businesses is a valid link
https://ulsterbankbusinesshub.ie/articles/carin-bryans-recognising-excellence-in-innovation
https://ulsterbankbusinesshub.ie/articles/carin-bryans-recognising-excellence-in-innovation is a valid link
https://ulsterbankbusinesshub.ie/articles/the-irish-public-finances-a-post-budget-2021-overview
https://ulsterbankbusinesshub.ie/articles/the-irish-public-finances-a-post-budget-2021-overview is a valid link
https://ulsterbankbusinesshub.ie/articles/tech-solutions-for-working-capital-management
https://ulsterbankbusinesshub.ie/articles/tech-solutions-for-working-capital-management is a valid link
https://ulsterbankbusinesshub.ie/articles/588f2a17-9bb7-ab93-ab59-f519f9504091
https://ulsterbankbusinesshub.ie/articles/588f2a17-9bb7-ab93-ab59-f519f9504091 is a valid link
https://ulsterbankbusinesshub.ie/articles/bring-your-own-device-managing-the-risks-ub
https://ulsterbankbusinesshub.ie/articles/bring-your-own-device-managing-the-risks-ub is a valid link
https://ulsterbankbusinesshub.ie/articles/jo-browne-jo-browne-natural-solid-perfume
https://ulsterbankbusinesshub.ie/articles/jo-browne-jo-browne-natural-solid-perfume is a valid link
https://ulsterbankbusinesshub.ie/articles/ulster-commentary-5-october
https://ulsterbankbusinesshub.ie/articles/ulster-commentary-5-october is a valid link
https://ulsterbankbusinesshub.ie/articles/ger-toher-carsireland
https://ulsterbankbusinesshub.ie/articles/ger-toher-carsireland is a valid link
https://ulsterbankbusinesshub.ie/articles/follow-the-leader-conor-fennelly
https://ulsterbankbusinesshub.ie/articles/follow-the-leader-conor-fennelly is a valid link
https://ulsterbankbusinesshub.ie/articles/ulster-bank-weekly-economic-commentary-25-september-2020
https://ulsterbankbusinesshub.ie/articles/ulster-bank-weekly-economic-commentary-25-september-2020 is a valid link
https://ulsterbankbusinesshub.ie/articles/covid-19-credit-guarantee-scheme-open-to-applications
https://ulsterbankbusinesshub.ie/articles/covid-19-credit-guarantee-scheme-open-to-applications is a valid link
https://ulsterbankbusinesshub.ie/articles/lauren-oliver-olly-olly-co
https://ulsterbankbusinesshub.ie/articles/lauren-oliver-olly-olly-co is a valid link
https://ulsterbankbusinesshub.ie/articles/cleaning-up-mary-connell-specialised-sterile-environments-helping-businesses-tackle-coronavirus
https://ulsterbankbusinesshub.ie/articles/cleaning-up-mary-connell-specialised-sterile-environments-helping-businesses-tackle-coronavirus is a valid link
https://ulsterbankbusinesshub.ie/articles/ulster-bank-weekly-economic-commentary-18-september-2020
https://ulsterbankbusinesshub.ie/articles/ulster-bank-weekly-economic-commentary-18-september-2020 is a valid link
https://ulsterbankbusinesshub.ie/articles/climate-and-sustainably-energy-news-sept-2020
https://ulsterbankbusinesshub.ie/articles/climate-and-sustainably-energy-news-sept-2020 is a valid link
https://ulsterbankbusinesshub.ie/articles/ulster-bank-economics-weekly-commentary-11-september-2020
https://ulsterbankbusinesshub.ie/articles/ulster-bank-economics-weekly-commentary-11-september-2020 is a valid link
https://ulsterbankbusinesshub.ie/articles/be-part-of-irelands-largest-virtual-fintech-hackathon
https://ulsterbankbusinesshub.ie/articles/be-part-of-irelands-largest-virtual-fintech-hackathon is a valid link
https://ulsterbankbusinesshub.ie/articles/how-will-online-learning-transform-the-future-of-business
https://ulsterbankbusinesshub.ie/articles/how-will-online-learning-transform-the-future-of-business is a valid link
https://ulsterbankbusinesshub.ie/articles/ulster-bank-commentary-7-september
https://ulsterbankbusinesshub.ie/articles/ulster-bank-commentary-7-september is a valid link
https://ulsterbankbusinesshub.ie/articles/ulster-bank-weekly-economic-commentary-280820
https://ulsterbankbusinesshub.ie/articles/ulster-bank-weekly-economic-commentary-280820 is a valid link
https://ulsterbankbusinesshub.ie/articles/ubweeklyeconomiccommentary24aug
https://ulsterbankbusinesshub.ie/articles/ubweeklyeconomiccommentary24aug is a valid link
https://ulsterbankbusinesshub.ie/articles/champion-green-helping-irelands-local-businesses-bounce-back
https://ulsterbankbusinesshub.ie/articles/champion-green-helping-irelands-local-businesses-bounce-back is a valid link
https://ulsterbankbusinesshub.ie/articles/ulster-bank-weekly-economic-commentary-170820
https://ulsterbankbusinesshub.ie/articles/ulster-bank-weekly-economic-commentary-170820 is a valid link
https://ulsterbankbusinesshub.ie/articles/096b55a1-e8d5-a290-a679-3aa6d19221da
https://ulsterbankbusinesshub.ie/articles/096b55a1-e8d5-a290-a679-3aa6d19221da is a valid link
https://ulsterbankbusinesshub.ie/articles/online-bookkeeping-for-smes
https://ulsterbankbusinesshub.ie/articles/online-bookkeeping-for-smes is a valid link
https://ulsterbankbusinesshub.ie/articles/ubeconomiccommentary10aug
https://ulsterbankbusinesshub.ie/articles/ubeconomiccommentary10aug is a valid link
https://ulsterbankbusinesshub.ie/articles/how-to-protect-your-intellectual-property-online
https://ulsterbankbusinesshub.ie/articles/how-to-protect-your-intellectual-property-online is a valid link
https://ulsterbankbusinesshub.ie/articles/ad323a68-f4fd-a75a-a7c2-034edf81f8ce
https://ulsterbankbusinesshub.ie/articles/ad323a68-f4fd-a75a-a7c2-034edf81f8ce is a valid link
https://ulsterbankbusinesshub.ie/
https://ulsterbankbusinesshub.ie/ is a valid link
https://ulsterbankbusinesshub.ie/static/accessibility-bh
https://ulsterbankbusinesshub.ie/static/accessibility-bh is a valid link
https://ulsterbankbusinesshub.ie/static/privacy
https://ulsterbankbusinesshub.ie/static/privacy is a valid link
https://ulsterbankbusinesshub.ie/static/terms-and-conditions-ulsterroi
https://ulsterbankbusinesshub.ie/static/terms-and-conditions-ulsterroi is a valid link
https://www.linkedin.com/company/ulster-bank
https://www.linkedin.com/company/ulster-bank is a broken link
https://twitter.com/UlsterBank
https://twitter.com/UlsterBank is a valid link
https://www.facebook.com/UlsterBank/
https://www.facebook.com/UlsterBank/ is a valid link
https://onetrust.com/poweredbyonetrust
https://onetrust.com/poweredbyonetrust is a valid link
http://ulsterbankbusinesshub.ie/Privacy/
http://ulsterbankbusinesshub.ie/Privacy/ is a valid link
https://onetrust.com/poweredbyonetrust
https://onetrust.com/poweredbyonetrust is a valid link
55
https://ulsterbankbusinesshub.ie/articles#
https://ulsterbankbusinesshub.ie/articles# is a valid link
https://ulsterbankbusinesshub.ie/
https://ulsterbankbusinesshub.ie/ is a valid link
https://ulsterbankbusinesshub.ie/business-guidance
https://ulsterbankbusinesshub.ie/business-guidance is a valid link
https://ulsterbankbusinesshub.ie/sectors
https://ulsterbankbusinesshub.ie/sectors is a valid link
https://ulsterbankbusinesshub.ie/toolkits
https://ulsterbankbusinesshub.ie/toolkits is a valid link
https://ulsterbankbusinesshub.ie/articles/ulster-bank-weekly-economic-commentary-310720
https://ulsterbankbusinesshub.ie/articles/ulster-bank-weekly-economic-commentary-310720 is a valid link
https://ulsterbankbusinesshub.ie/articles/high-street-health-check-retailers-react-to-reopening
https://ulsterbankbusinesshub.ie/articles/high-street-health-check-retailers-react-to-reopening is a valid link
https://ulsterbankbusinesshub.ie/articles/keeping-the-world-churning-interview-with-bertie-troy
https://ulsterbankbusinesshub.ie/articles/keeping-the-world-churning-interview-with-bertie-troy is a valid link
https://ulsterbankbusinesshub.ie/articles/in-conversation-with-rosemary-garth-of-irish-distillers
https://ulsterbankbusinesshub.ie/articles/in-conversation-with-rosemary-garth-of-irish-distillers is a valid link
https://ulsterbankbusinesshub.ie/articles/ulster-bank-weekly-economic-commentary-27-july-2020
https://ulsterbankbusinesshub.ie/articles/ulster-bank-weekly-economic-commentary-27-july-2020 is a valid link
https://ulsterbankbusinesshub.ie/articles/cork-chamber-survey-shows-resurgence-in-business-confidence
https://ulsterbankbusinesshub.ie/articles/cork-chamber-survey-shows-resurgence-in-business-confidence is a valid link
https://ulsterbankbusinesshub.ie/articles/wildwood-vinegars-power-dressing
https://ulsterbankbusinesshub.ie/articles/wildwood-vinegars-power-dressing is a valid link
https://ulsterbankbusinesshub.ie/articles/voya-a-face-of-the-irish-beauty-industry
https://ulsterbankbusinesshub.ie/articles/voya-a-face-of-the-irish-beauty-industry is a valid link
https://ulsterbankbusinesshub.ie/articles/business-commentary-17-july
https://ulsterbankbusinesshub.ie/articles/business-commentary-17-july is a valid link
https://ulsterbankbusinesshub.ie/articles/follow-the-leader-mason-alexander-andrew-lynch
https://ulsterbankbusinesshub.ie/articles/follow-the-leader-mason-alexander-andrew-lynch is a valid link
https://ulsterbankbusinesshub.ie/articles/af4b4ae5-b0d8-b03c-86e0-fab605bcc13f
https://ulsterbankbusinesshub.ie/articles/af4b4ae5-b0d8-b03c-86e0-fab605bcc13f is a valid link
https://ulsterbankbusinesshub.ie/articles/ulster-bank-commentary-13-july
https://ulsterbankbusinesshub.ie/articles/ulster-bank-commentary-13-july is a valid link
https://ulsterbankbusinesshub.ie/articles/f60c587d-9d42-9f29-bed7-b3167c9112f9
https://ulsterbankbusinesshub.ie/articles/f60c587d-9d42-9f29-bed7-b3167c9112f9 is a valid link
https://ulsterbankbusinesshub.ie/articles/coronavirus-financial-support-what-help-is-available-for-businesses
https://ulsterbankbusinesshub.ie/articles/coronavirus-financial-support-what-help-is-available-for-businesses is a valid link
https://ulsterbankbusinesshub.ie/articles/make-the-most-of-a-finance-checklist
https://ulsterbankbusinesshub.ie/articles/make-the-most-of-a-finance-checklist is a valid link
https://ulsterbankbusinesshub.ie/articles/ulster-bank-weekly-economic-commentary-3-july-2020
https://ulsterbankbusinesshub.ie/articles/ulster-bank-weekly-economic-commentary-3-july-2020 is a valid link
https://ulsterbankbusinesshub.ie/articles/future-opportunities-for-irish-tech-companies
https://ulsterbankbusinesshub.ie/articles/future-opportunities-for-irish-tech-companies is a valid link
https://ulsterbankbusinesshub.ie/articles/coronavirus-cyber-scams-businesses-need-to-watch-out-for
https://ulsterbankbusinesshub.ie/articles/coronavirus-cyber-scams-businesses-need-to-watch-out-for is a valid link
https://ulsterbankbusinesshub.ie/articles/open-for-virtual-business-reaching-an-audience-in-isolation
https://ulsterbankbusinesshub.ie/articles/open-for-virtual-business-reaching-an-audience-in-isolation is a valid link
https://ulsterbankbusinesshub.ie/articles/economics-weekly-29-june-2020-ubroi
https://ulsterbankbusinesshub.ie/articles/economics-weekly-29-june-2020-ubroi is a valid link
https://ulsterbankbusinesshub.ie/articles/irelands-agri-community-demonstrates-resilience
https://ulsterbankbusinesshub.ie/articles/irelands-agri-community-demonstrates-resilience is a valid link
https://ulsterbankbusinesshub.ie/articles/follow-the-leader-jim-cassidy
https://ulsterbankbusinesshub.ie/articles/follow-the-leader-jim-cassidy is a valid link
https://ulsterbankbusinesshub.ie/articles/ulster-bank-weekly-economic-commentary-180620
https://ulsterbankbusinesshub.ie/articles/ulster-bank-weekly-economic-commentary-180620 is a valid link
https://ulsterbankbusinesshub.ie/articles/sustainable-energy-ireland-goes-green
https://ulsterbankbusinesshub.ie/articles/sustainable-energy-ireland-goes-green is a valid link
https://ulsterbankbusinesshub.ie/articles/farming-in-a-pandemic-how-the-countrys-food-producers-are-coping
https://ulsterbankbusinesshub.ie/articles/farming-in-a-pandemic-how-the-countrys-food-producers-are-coping is a valid link
https://ulsterbankbusinesshub.ie/articles/zoom-etiquette-five-things-you-need-to-know
https://ulsterbankbusinesshub.ie/articles/zoom-etiquette-five-things-you-need-to-know is a valid link
https://ulsterbankbusinesshub.ie/articles/150620-ulster-bank-weekly-economic-commentary
https://ulsterbankbusinesshub.ie/articles/150620-ulster-bank-weekly-economic-commentary is a valid link
https://ulsterbankbusinesshub.ie/articles/bootstrap-your-way-to-success
https://ulsterbankbusinesshub.ie/articles/bootstrap-your-way-to-success is a valid link
https://ulsterbankbusinesshub.ie/articles/follow-the-leader-damian-young
https://ulsterbankbusinesshub.ie/articles/follow-the-leader-damian-young is a valid link
https://ulsterbankbusinesshub.ie/articles/manufacturers-rethink-production-in-ireland
https://ulsterbankbusinesshub.ie/articles/manufacturers-rethink-production-in-ireland is a valid link
https://ulsterbankbusinesshub.ie/articles/irish-business-commentary-8-june
https://ulsterbankbusinesshub.ie/articles/irish-business-commentary-8-june is a valid link
https://ulsterbankbusinesshub.ie/articles/covid-19-practical-steps-you-can-take-to-help-your-business
https://ulsterbankbusinesshub.ie/articles/covid-19-practical-steps-you-can-take-to-help-your-business is a valid link
https://ulsterbankbusinesshub.ie/articles/ulster-bank-weekly-economic-commentary-1-june
https://ulsterbankbusinesshub.ie/articles/ulster-bank-weekly-economic-commentary-1-june is a valid link
https://ulsterbankbusinesshub.ie/articles/how-to-run-a-franchise-the-wine-buff
https://ulsterbankbusinesshub.ie/articles/how-to-run-a-franchise-the-wine-buff is a valid link
https://ulsterbankbusinesshub.ie/articles/ulster-bank-weekly-economic-commentary-26-may
https://ulsterbankbusinesshub.ie/articles/ulster-bank-weekly-economic-commentary-26-may is a valid link
https://ulsterbankbusinesshub.ie/articles/manufacturers-pivot-to-meet-the-ventilator-challenge
https://ulsterbankbusinesshub.ie/articles/manufacturers-pivot-to-meet-the-ventilator-challenge is a valid link
https://ulsterbankbusinesshub.ie/articles/3fd6d798-34f7-b26e-a6c2-06d3bb82acd7
https://ulsterbankbusinesshub.ie/articles/3fd6d798-34f7-b26e-a6c2-06d3bb82acd7 is a valid link
https://ulsterbankbusinesshub.ie/articles/132a80fc-8f0f-85fd-9cb3-58f61885bdf6
https://ulsterbankbusinesshub.ie/articles/132a80fc-8f0f-85fd-9cb3-58f61885bdf6 is a valid link
https://ulsterbankbusinesshub.ie/articles/room-to-recover-how-the-irish-hotels-industry-is-responding-to-covid-19
https://ulsterbankbusinesshub.ie/articles/room-to-recover-how-the-irish-hotels-industry-is-responding-to-covid-19 is a valid link
https://ulsterbankbusinesshub.ie/articles/ulster-bank-weekly-economic-commentary-180520
https://ulsterbankbusinesshub.ie/articles/ulster-bank-weekly-economic-commentary-180520 is a valid link
https://ulsterbankbusinesshub.ie/
https://ulsterbankbusinesshub.ie/ is a valid link
https://ulsterbankbusinesshub.ie/static/accessibility-bh
https://ulsterbankbusinesshub.ie/static/accessibility-bh is a valid link
https://ulsterbankbusinesshub.ie/static/privacy
https://ulsterbankbusinesshub.ie/static/privacy is a valid link
https://ulsterbankbusinesshub.ie/static/terms-and-conditions-ulsterroi
https://ulsterbankbusinesshub.ie/static/terms-and-conditions-ulsterroi is a valid link
https://www.linkedin.com/company/ulster-bank
https://www.linkedin.com/company/ulster-bank is a broken link
https://twitter.com/UlsterBank
https://twitter.com/UlsterBank is a valid link
https://www.facebook.com/UlsterBank/
https://www.facebook.com/UlsterBank/ is a valid link
https://onetrust.com/poweredbyonetrust
https://onetrust.com/poweredbyonetrust is a valid link
http://ulsterbankbusinesshub.ie/Privacy/
http://ulsterbankbusinesshub.ie/Privacy/ is a valid link
https://onetrust.com/poweredbyonetrust
https://onetrust.com/poweredbyonetrust is a valid link
55
https://ulsterbankbusinesshub.ie/articles#
https://ulsterbankbusinesshub.ie/articles# is a valid link
https://ulsterbankbusinesshub.ie/
https://ulsterbankbusinesshub.ie/ is a valid link
https://ulsterbankbusinesshub.ie/business-guidance
https://ulsterbankbusinesshub.ie/business-guidance is a valid link
https://ulsterbankbusinesshub.ie/sectors
https://ulsterbankbusinesshub.ie/sectors is a valid link
https://ulsterbankbusinesshub.ie/toolkits
https://ulsterbankbusinesshub.ie/toolkits is a valid link
https://ulsterbankbusinesshub.ie/articles/jo-davey-why-food-producers-should-venture-online
https://ulsterbankbusinesshub.ie/articles/jo-davey-why-food-producers-should-venture-online is a valid link
https://ulsterbankbusinesshub.ie/articles/brian-oreilly-innovation-will-see-the-events-industry-recover
https://ulsterbankbusinesshub.ie/articles/brian-oreilly-innovation-will-see-the-events-industry-recover is a valid link
https://ulsterbankbusinesshub.ie/articles/0046f185-c09f-a206-8e59-c2fe5dbc7d0a
https://ulsterbankbusinesshub.ie/articles/0046f185-c09f-a206-8e59-c2fe5dbc7d0a is a valid link
https://ulsterbankbusinesshub.ie/articles/follow-the-leader-shane-ryan
https://ulsterbankbusinesshub.ie/articles/follow-the-leader-shane-ryan is a valid link
https://ulsterbankbusinesshub.ie/articles/ulster-bank-weekly-economic-commentary-010520
https://ulsterbankbusinesshub.ie/articles/ulster-bank-weekly-economic-commentary-010520 is a valid link
https://ulsterbankbusinesshub.ie/articles/how-to-succeed-at-remote-leadership
https://ulsterbankbusinesshub.ie/articles/how-to-succeed-at-remote-leadership is a valid link
https://ulsterbankbusinesshub.ie/articles/business-communications-keeping-the-conversation-going
https://ulsterbankbusinesshub.ie/articles/business-communications-keeping-the-conversation-going is a valid link
https://ulsterbankbusinesshub.ie/articles/ulster-bank-weekly-economic-commentary-27-april
https://ulsterbankbusinesshub.ie/articles/ulster-bank-weekly-economic-commentary-27-april is a valid link
https://ulsterbankbusinesshub.ie/articles/cyber-security-dont-be-fooled-by-a-fake-invoice
https://ulsterbankbusinesshub.ie/articles/cyber-security-dont-be-fooled-by-a-fake-invoice is a valid link
https://ulsterbankbusinesshub.ie/articles/keeping-your-business-premises-secure-during-lockdown
https://ulsterbankbusinesshub.ie/articles/keeping-your-business-premises-secure-during-lockdown is a valid link
https://ulsterbankbusinesshub.ie/articles/ulsterbankweeklyeconomiccommentary20april
https://ulsterbankbusinesshub.ie/articles/ulsterbankweeklyeconomiccommentary20april is a valid link
https://ulsterbankbusinesshub.ie/articles/seven-digital-marketing-pitfalls
https://ulsterbankbusinesshub.ie/articles/seven-digital-marketing-pitfalls is a valid link
https://ulsterbankbusinesshub.ie/articles/remote-working-being-mindful-of-mental-health
https://ulsterbankbusinesshub.ie/articles/remote-working-being-mindful-of-mental-health is a valid link
https://ulsterbankbusinesshub.ie/articles/ten-pieces-of-work-from-home-tech
https://ulsterbankbusinesshub.ie/articles/ten-pieces-of-work-from-home-tech is a valid link
https://ulsterbankbusinesshub.ie/articles/coronavirus-business-continuity-planning-advice-for-smes
https://ulsterbankbusinesshub.ie/articles/coronavirus-business-continuity-planning-advice-for-smes is a valid link
https://ulsterbankbusinesshub.ie/articles/when-disruption-sparks-business-innovation
https://ulsterbankbusinesshub.ie/articles/when-disruption-sparks-business-innovation is a valid link
https://ulsterbankbusinesshub.ie/articles/ulster-bank-weekly-economic-commentary-030420
https://ulsterbankbusinesshub.ie/articles/ulster-bank-weekly-economic-commentary-030420 is a valid link
https://ulsterbankbusinesshub.ie/articles/ulster-bank-weekly-commentary
https://ulsterbankbusinesshub.ie/articles/ulster-bank-weekly-commentary is a valid link
https://ulsterbankbusinesshub.ie/articles/ulster-bank-weekly-economic-commentary200320
https://ulsterbankbusinesshub.ie/articles/ulster-bank-weekly-economic-commentary200320 is a valid link
https://ulsterbankbusinesshub.ie/articles/seven-steps-to-attracting-investment
https://ulsterbankbusinesshub.ie/articles/seven-steps-to-attracting-investment is a valid link
https://ulsterbankbusinesshub.ie/articles/ulster-bank-weekly-economic-commentary-130320
https://ulsterbankbusinesshub.ie/articles/ulster-bank-weekly-economic-commentary-130320 is a valid link
https://ulsterbankbusinesshub.ie/articles/apprenticeship-schemes-guide-for-smes
https://ulsterbankbusinesshub.ie/articles/apprenticeship-schemes-guide-for-smes is a valid link
https://ulsterbankbusinesshub.ie/articles/how-to-get-the-most-out-of-your-meetings
https://ulsterbankbusinesshub.ie/articles/how-to-get-the-most-out-of-your-meetings is a valid link
https://ulsterbankbusinesshub.ie/articles/ulster-bank-weekly-economic-commentary-6-march-2020
https://ulsterbankbusinesshub.ie/articles/ulster-bank-weekly-economic-commentary-6-march-2020 is a valid link
https://ulsterbankbusinesshub.ie/articles/follow-the-leader-lucy-nugent
https://ulsterbankbusinesshub.ie/articles/follow-the-leader-lucy-nugent is a valid link
https://ulsterbankbusinesshub.ie/articles/automation-in-hospitality-hotels
https://ulsterbankbusinesshub.ie/articles/automation-in-hospitality-hotels is a valid link
https://ulsterbankbusinesshub.ie/articles/creating-an-eco-friendly-work-culture
https://ulsterbankbusinesshub.ie/articles/creating-an-eco-friendly-work-culture is a valid link
https://ulsterbankbusinesshub.ie/articles/d8af295e-d699-b8bc-ae02-925f54cd402e
https://ulsterbankbusinesshub.ie/articles/d8af295e-d699-b8bc-ae02-925f54cd402e is a valid link
https://ulsterbankbusinesshub.ie/articles/follow-the-leader-fran-halpin
https://ulsterbankbusinesshub.ie/articles/follow-the-leader-fran-halpin is a valid link
https://ulsterbankbusinesshub.ie/articles/how-to-support-workers-returning-from-a-career-break
https://ulsterbankbusinesshub.ie/articles/how-to-support-workers-returning-from-a-career-break is a valid link
https://ulsterbankbusinesshub.ie/articles/staff-retention-keeping-the-talent
https://ulsterbankbusinesshub.ie/articles/staff-retention-keeping-the-talent is a valid link
https://ulsterbankbusinesshub.ie/articles/ulster-bank-weekly-economic-commentary-210220
https://ulsterbankbusinesshub.ie/articles/ulster-bank-weekly-economic-commentary-210220 is a valid link
https://ulsterbankbusinesshub.ie/articles/changes-in-store-ireland-high-streets
https://ulsterbankbusinesshub.ie/articles/changes-in-store-ireland-high-streets is a valid link
https://ulsterbankbusinesshub.ie/articles/top-tips-for-smes-effective-financial-planning
https://ulsterbankbusinesshub.ie/articles/top-tips-for-smes-effective-financial-planning is a valid link
https://ulsterbankbusinesshub.ie/articles/ulster-economics-weekly-17-february
https://ulsterbankbusinesshub.ie/articles/ulster-economics-weekly-17-february is a valid link
https://ulsterbankbusinesshub.ie/articles/looking-after-your-own-business-and-your-mental-health
https://ulsterbankbusinesshub.ie/articles/looking-after-your-own-business-and-your-mental-health is a valid link
https://ulsterbankbusinesshub.ie/articles/eight-tips-for-successful-business-partnerships
https://ulsterbankbusinesshub.ie/articles/eight-tips-for-successful-business-partnerships is a valid link
https://ulsterbankbusinesshub.ie/articles/ulster-bank-commentary-10-feb
https://ulsterbankbusinesshub.ie/articles/ulster-bank-commentary-10-feb is a valid link
https://ulsterbankbusinesshub.ie/articles/helping-your-team-tackle-stress-10-practical-tips-for-employers
https://ulsterbankbusinesshub.ie/articles/helping-your-team-tackle-stress-10-practical-tips-for-employers is a valid link
https://ulsterbankbusinesshub.ie/articles/nine-strategies-to-achieve-business-awards-success
https://ulsterbankbusinesshub.ie/articles/nine-strategies-to-achieve-business-awards-success is a valid link
https://ulsterbankbusinesshub.ie/
https://ulsterbankbusinesshub.ie/ is a valid link
https://ulsterbankbusinesshub.ie/static/accessibility-bh
https://ulsterbankbusinesshub.ie/static/accessibility-bh is a valid link
https://ulsterbankbusinesshub.ie/static/privacy
https://ulsterbankbusinesshub.ie/static/privacy is a valid link
https://ulsterbankbusinesshub.ie/static/terms-and-conditions-ulsterroi
https://ulsterbankbusinesshub.ie/static/terms-and-conditions-ulsterroi is a valid link
https://www.linkedin.com/company/ulster-bank
https://www.linkedin.com/company/ulster-bank is a broken link
https://twitter.com/UlsterBank
https://twitter.com/UlsterBank is a valid link
https://www.facebook.com/UlsterBank/
https://www.facebook.com/UlsterBank/ is a valid link
https://onetrust.com/poweredbyonetrust
https://onetrust.com/poweredbyonetrust is a valid link
http://ulsterbankbusinesshub.ie/Privacy/
http://ulsterbankbusinesshub.ie/Privacy/ is a valid link
https://onetrust.com/poweredbyonetrust
https://onetrust.com/poweredbyonetrust is a valid link
55
https://ulsterbankbusinesshub.ie/articles#
https://ulsterbankbusinesshub.ie/articles# is a valid link
https://ulsterbankbusinesshub.ie/
https://ulsterbankbusinesshub.ie/ is a valid link
https://ulsterbankbusinesshub.ie/business-guidance
https://ulsterbankbusinesshub.ie/business-guidance is a valid link
https://ulsterbankbusinesshub.ie/sectors
https://ulsterbankbusinesshub.ie/sectors is a valid link
https://ulsterbankbusinesshub.ie/toolkits
https://ulsterbankbusinesshub.ie/toolkits is a valid link
https://ulsterbankbusinesshub.ie/articles/ten-irish-fintechs-to-watch-in-2020
https://ulsterbankbusinesshub.ie/articles/ten-irish-fintechs-to-watch-in-2020 is a valid link
https://ulsterbankbusinesshub.ie/articles/managing-cash-flow-tips-for-smes
https://ulsterbankbusinesshub.ie/articles/managing-cash-flow-tips-for-smes is a valid link
https://ulsterbankbusinesshub.ie/articles/keep-it-competitive-in-the-family-business
https://ulsterbankbusinesshub.ie/articles/keep-it-competitive-in-the-family-business is a valid link
https://ulsterbankbusinesshub.ie/articles/changing-lanes-when-to-pivot-your-business
https://ulsterbankbusinesshub.ie/articles/changing-lanes-when-to-pivot-your-business is a valid link
https://ulsterbankbusinesshub.ie/articles/recruitment-in-2020-trends-in-ireland
https://ulsterbankbusinesshub.ie/articles/recruitment-in-2020-trends-in-ireland is a valid link
https://ulsterbankbusinesshub.ie/articles/recipes-for-success-how-to-make-it-in-the-food-industry
https://ulsterbankbusinesshub.ie/articles/recipes-for-success-how-to-make-it-in-the-food-industry is a valid link
https://ulsterbankbusinesshub.ie/articles/7c268efc-7edb-8677-945d-f81ba30f57e7
https://ulsterbankbusinesshub.ie/articles/7c268efc-7edb-8677-945d-f81ba30f57e7 is a valid link
https://ulsterbankbusinesshub.ie/articles/your-2020-business-plan
https://ulsterbankbusinesshub.ie/articles/your-2020-business-plan is a valid link
https://ulsterbankbusinesshub.ie/articles/ireland-nursing-homes-tadhg-daly-interview
https://ulsterbankbusinesshub.ie/articles/ireland-nursing-homes-tadhg-daly-interview is a valid link
https://ulsterbankbusinesshub.ie/articles/six-steps-to-better-lead-generation
https://ulsterbankbusinesshub.ie/articles/six-steps-to-better-lead-generation is a valid link
https://ulsterbankbusinesshub.ie/articles/your-call-how-to-combat-vishing
https://ulsterbankbusinesshub.ie/articles/your-call-how-to-combat-vishing is a valid link
https://ulsterbankbusinesshub.ie/articles/episode-5-robert-jones-vision-id
https://ulsterbankbusinesshub.ie/articles/episode-5-robert-jones-vision-id is a valid link
https://ulsterbankbusinesshub.ie/articles/identifying-your-digital-skills-gap
https://ulsterbankbusinesshub.ie/articles/identifying-your-digital-skills-gap is a valid link
https://ulsterbankbusinesshub.ie/articles/episode-4-joe-queenan-foxford-woollen-mills
https://ulsterbankbusinesshub.ie/articles/episode-4-joe-queenan-foxford-woollen-mills is a valid link
https://ulsterbankbusinesshub.ie/articles/episode-3-oonagh-ohagan-meaghers-pharmacy
https://ulsterbankbusinesshub.ie/articles/episode-3-oonagh-ohagan-meaghers-pharmacy is a valid link
https://ulsterbankbusinesshub.ie/articles/episode-2-christina-regan-lee-executive-director-cabins-and-containers-ireland
https://ulsterbankbusinesshub.ie/articles/episode-2-christina-regan-lee-executive-director-cabins-and-containers-ireland is a valid link
https://ulsterbankbusinesshub.ie/articles/episode-1-gaving-hydes-ceo-joe-duffy-group
https://ulsterbankbusinesshub.ie/articles/episode-1-gaving-hydes-ceo-joe-duffy-group is a valid link
https://ulsterbankbusinesshub.ie/articles/shoppers-warned-black-friday-risk
https://ulsterbankbusinesshub.ie/articles/shoppers-warned-black-friday-risk is a valid link
https://ulsterbankbusinesshub.ie/articles/women-in-business-leading-the-way
https://ulsterbankbusinesshub.ie/articles/women-in-business-leading-the-way is a valid link
https://ulsterbankbusinesshub.ie/articles/smes-the-key-concepts-of-ip-protection
https://ulsterbankbusinesshub.ie/articles/smes-the-key-concepts-of-ip-protection is a valid link
https://ulsterbankbusinesshub.ie/articles/episode-6-eddie-cullen-john-mcgrane
https://ulsterbankbusinesshub.ie/articles/episode-6-eddie-cullen-john-mcgrane is a valid link
https://ulsterbankbusinesshub.ie/articles/social-media-checklist-seven-rules-for-smes
https://ulsterbankbusinesshub.ie/articles/social-media-checklist-seven-rules-for-smes is a valid link
https://ulsterbankbusinesshub.ie/articles/interview-with-nick-ashmore-sbci
https://ulsterbankbusinesshub.ie/articles/interview-with-nick-ashmore-sbci is a valid link
https://ulsterbankbusinesshub.ie/articles/rebranding-a-small-sme-interview-with-brian-oreilly
https://ulsterbankbusinesshub.ie/articles/rebranding-a-small-sme-interview-with-brian-oreilly is a valid link
https://ulsterbankbusinesshub.ie/articles/moorepark-2019-teagasc-national-dairy-open-day
https://ulsterbankbusinesshub.ie/articles/moorepark-2019-teagasc-national-dairy-open-day is a valid link
https://ulsterbankbusinesshub.ie/articles/how-to-stand-out-in-a-crowd
https://ulsterbankbusinesshub.ie/articles/how-to-stand-out-in-a-crowd is a valid link
https://ulsterbankbusinesshub.ie/articles/passive-talent-recruitment-solutions-for-smes
https://ulsterbankbusinesshub.ie/articles/passive-talent-recruitment-solutions-for-smes is a valid link
https://ulsterbankbusinesshub.ie/articles/influencer-marketing-strategy-guide-for-smes
https://ulsterbankbusinesshub.ie/articles/influencer-marketing-strategy-guide-for-smes is a valid link
https://ulsterbankbusinesshub.ie/articles/market-research-how-to-get-it-right
https://ulsterbankbusinesshub.ie/articles/market-research-how-to-get-it-right is a valid link
https://ulsterbankbusinesshub.ie/articles/how-to-engage-with-customers-online
https://ulsterbankbusinesshub.ie/articles/how-to-engage-with-customers-online is a valid link
https://ulsterbankbusinesshub.ie/articles/follow-the-leader-peter-daly
https://ulsterbankbusinesshub.ie/articles/follow-the-leader-peter-daly is a valid link
https://ulsterbankbusinesshub.ie/articles/sustainable-dairy-farming
https://ulsterbankbusinesshub.ie/articles/sustainable-dairy-farming is a valid link
https://ulsterbankbusinesshub.ie/articles/creating-an-effective-board
https://ulsterbankbusinesshub.ie/articles/creating-an-effective-board is a valid link
https://ulsterbankbusinesshub.ie/articles/how-to-conduct-staff-appraisals
https://ulsterbankbusinesshub.ie/articles/how-to-conduct-staff-appraisals is a valid link
https://ulsterbankbusinesshub.ie/articles/best-business-apps-for-smes
https://ulsterbankbusinesshub.ie/articles/best-business-apps-for-smes is a valid link
https://ulsterbankbusinesshub.ie/articles/cyber-security-for-small-businesses
https://ulsterbankbusinesshub.ie/articles/cyber-security-for-small-businesses is a valid link
https://ulsterbankbusinesshub.ie/articles/five-tips-for-boosting-creativity-in-the-workplace
https://ulsterbankbusinesshub.ie/articles/five-tips-for-boosting-creativity-in-the-workplace is a valid link
https://ulsterbankbusinesshub.ie/articles/business-partnerships-ask-before-taking-the-plunge
https://ulsterbankbusinesshub.ie/articles/business-partnerships-ask-before-taking-the-plunge is a valid link
https://ulsterbankbusinesshub.ie/articles/getting-your-corporate-culture-right
https://ulsterbankbusinesshub.ie/articles/getting-your-corporate-culture-right is a valid link
https://ulsterbankbusinesshub.ie/articles/using-your-website-to-boost-footfall
https://ulsterbankbusinesshub.ie/articles/using-your-website-to-boost-footfall is a valid link
https://ulsterbankbusinesshub.ie/
https://ulsterbankbusinesshub.ie/ is a valid link
https://ulsterbankbusinesshub.ie/static/accessibility-bh
https://ulsterbankbusinesshub.ie/static/accessibility-bh is a valid link
https://ulsterbankbusinesshub.ie/static/privacy
https://ulsterbankbusinesshub.ie/static/privacy is a valid link
https://ulsterbankbusinesshub.ie/static/terms-and-conditions-ulsterroi
https://ulsterbankbusinesshub.ie/static/terms-and-conditions-ulsterroi is a valid link
https://www.linkedin.com/company/ulster-bank
https://www.linkedin.com/company/ulster-bank is a broken link
https://twitter.com/UlsterBank
https://twitter.com/UlsterBank is a valid link
https://www.facebook.com/UlsterBank/
https://www.facebook.com/UlsterBank/ is a valid link
https://onetrust.com/poweredbyonetrust
https://onetrust.com/poweredbyonetrust is a valid link
http://ulsterbankbusinesshub.ie/Privacy/
http://ulsterbankbusinesshub.ie/Privacy/ is a valid link
https://onetrust.com/poweredbyonetrust
https://onetrust.com/poweredbyonetrust is a valid link
55
https://ulsterbankbusinesshub.ie/articles#
https://ulsterbankbusinesshub.ie/articles# is a valid link
https://ulsterbankbusinesshub.ie/
https://ulsterbankbusinesshub.ie/ is a valid link
https://ulsterbankbusinesshub.ie/business-guidance
https://ulsterbankbusinesshub.ie/business-guidance is a valid link
https://ulsterbankbusinesshub.ie/sectors
https://ulsterbankbusinesshub.ie/sectors is a valid link
https://ulsterbankbusinesshub.ie/toolkits
https://ulsterbankbusinesshub.ie/toolkits is a valid link
https://ulsterbankbusinesshub.ie/articles/follow-the-leader-jo-davey-absolute-nutrition-protein
https://ulsterbankbusinesshub.ie/articles/follow-the-leader-jo-davey-absolute-nutrition-protein is a valid link
https://ulsterbankbusinesshub.ie/articles/a-guide-to-reverse-charge-vat-and-self-accounting
https://ulsterbankbusinesshub.ie/articles/a-guide-to-reverse-charge-vat-and-self-accounting is a valid link
https://ulsterbankbusinesshub.ie/articles/exporting-how-to-get-started
https://ulsterbankbusinesshub.ie/articles/exporting-how-to-get-started is a valid link
https://ulsterbankbusinesshub.ie/articles/gaining-momentum-jennifer-rock
https://ulsterbankbusinesshub.ie/articles/gaining-momentum-jennifer-rock is a valid link
https://ulsterbankbusinesshub.ie/articles/why-your-business-needs-to-focus-on-sustainability-seai
https://ulsterbankbusinesshub.ie/articles/why-your-business-needs-to-focus-on-sustainability-seai is a valid link
https://ulsterbankbusinesshub.ie/articles/grants-and-support-to-help-new-businesses
https://ulsterbankbusinesshub.ie/articles/grants-and-support-to-help-new-businesses is a valid link
https://ulsterbankbusinesshub.ie/articles/how-to-choose-a-freight-forwarder
https://ulsterbankbusinesshub.ie/articles/how-to-choose-a-freight-forwarder is a valid link
https://ulsterbankbusinesshub.ie/articles/how-mentoring-could-help-your-business
https://ulsterbankbusinesshub.ie/articles/how-mentoring-could-help-your-business is a valid link
https://ulsterbankbusinesshub.ie/articles/02a4b8b0-e930-9e50-84e2-1845b5b64bfa
https://ulsterbankbusinesshub.ie/articles/02a4b8b0-e930-9e50-84e2-1845b5b64bfa is a valid link
https://ulsterbankbusinesshub.ie/articles/making-a-franchise-work-for-you
https://ulsterbankbusinesshub.ie/articles/making-a-franchise-work-for-you is a valid link
https://ulsterbankbusinesshub.ie/articles/recruitment-strategies-talent-spotting
https://ulsterbankbusinesshub.ie/articles/recruitment-strategies-talent-spotting is a valid link
https://ulsterbankbusinesshub.ie/articles/follow-the-leader-lyndsey-kenny
https://ulsterbankbusinesshub.ie/articles/follow-the-leader-lyndsey-kenny is a valid link
https://ulsterbankbusinesshub.ie/articles/the-future-of-farming-anne-marie-butler
https://ulsterbankbusinesshub.ie/articles/the-future-of-farming-anne-marie-butler is a valid link
https://ulsterbankbusinesshub.ie/articles/staying-ahead-of-the-vat-challenge-part-one
https://ulsterbankbusinesshub.ie/articles/staying-ahead-of-the-vat-challenge-part-one is a valid link
https://ulsterbankbusinesshub.ie/articles/gaining-momentum-sonia-deasy
https://ulsterbankbusinesshub.ie/articles/gaining-momentum-sonia-deasy is a valid link
https://ulsterbankbusinesshub.ie/articles/top-tips-for-a-successful-business-plan
https://ulsterbankbusinesshub.ie/articles/top-tips-for-a-successful-business-plan is a valid link
https://ulsterbankbusinesshub.ie/articles/support-for-women-who-mean-business
https://ulsterbankbusinesshub.ie/articles/support-for-women-who-mean-business is a valid link
https://ulsterbankbusinesshub.ie/articles/gaining-momentum-niall-horgan
https://ulsterbankbusinesshub.ie/articles/gaining-momentum-niall-horgan is a valid link
https://ulsterbankbusinesshub.ie/articles/gaining-momentum-daith-oconnor-revive-active
https://ulsterbankbusinesshub.ie/articles/gaining-momentum-daith-oconnor-revive-active is a valid link
https://ulsterbankbusinesshub.ie/articles/the-future-of-farming-ailish-byrne
https://ulsterbankbusinesshub.ie/articles/the-future-of-farming-ailish-byrne is a valid link
https://ulsterbankbusinesshub.ie/articles/ins-and-outs-of-business-process-outsourcing-your-business
https://ulsterbankbusinesshub.ie/articles/ins-and-outs-of-business-process-outsourcing-your-business is a valid link
https://ulsterbankbusinesshub.ie/articles/building-a-strong-business-brand
https://ulsterbankbusinesshub.ie/articles/building-a-strong-business-brand is a valid link
https://ulsterbankbusinesshub.ie/articles/learning-from-your-mistakes
https://ulsterbankbusinesshub.ie/articles/learning-from-your-mistakes is a valid link
https://ulsterbankbusinesshub.ie/articles/tackling-the-costs-of-importing
https://ulsterbankbusinesshub.ie/articles/tackling-the-costs-of-importing is a valid link
https://ulsterbankbusinesshub.ie/articles/chain-reaction-lorcan-sheehan
https://ulsterbankbusinesshub.ie/articles/chain-reaction-lorcan-sheehan is a valid link
https://ulsterbankbusinesshub.ie/articles/chain-reaction-paul-oregan
https://ulsterbankbusinesshub.ie/articles/chain-reaction-paul-oregan is a valid link
https://ulsterbankbusinesshub.ie/articles/124de34c-bf14-849b-9f70-d13ae87a94e5
https://ulsterbankbusinesshub.ie/articles/124de34c-bf14-849b-9f70-d13ae87a94e5 is a valid link
https://ulsterbankbusinesshub.ie/articles/opportunities-for-fintech-innovators
https://ulsterbankbusinesshub.ie/articles/opportunities-for-fintech-innovators is a valid link
https://ulsterbankbusinesshub.ie/articles/follow-the-leader-barry-mccarthy
https://ulsterbankbusinesshub.ie/articles/follow-the-leader-barry-mccarthy is a valid link
https://ulsterbankbusinesshub.ie/articles/episode-9-michael-miley-communications-expert
https://ulsterbankbusinesshub.ie/articles/episode-9-michael-miley-communications-expert is a valid link
https://ulsterbankbusinesshub.ie/articles/in-focus-south-east-ireland
https://ulsterbankbusinesshub.ie/articles/in-focus-south-east-ireland is a valid link
https://ulsterbankbusinesshub.ie/articles/4f2a3642-610a-8969-9cf8-ea2196284242
https://ulsterbankbusinesshub.ie/articles/4f2a3642-610a-8969-9cf8-ea2196284242 is a valid link
https://ulsterbankbusinesshub.ie/articles/84f4cad1-31e9-8769-83a4-a2a03c592982
https://ulsterbankbusinesshub.ie/articles/84f4cad1-31e9-8769-83a4-a2a03c592982 is a valid link
https://ulsterbankbusinesshub.ie/articles/eecb53d7-f827-bd50-a9a3-eab4d19254ae
https://ulsterbankbusinesshub.ie/articles/eecb53d7-f827-bd50-a9a3-eab4d19254ae is a valid link
https://ulsterbankbusinesshub.ie/articles/100b3f0b-9216-b2cb-9e2e-e372aed35a24
https://ulsterbankbusinesshub.ie/articles/100b3f0b-9216-b2cb-9e2e-e372aed35a24 is a valid link
https://ulsterbankbusinesshub.ie/articles/follow-the-leader-andreea-wade
https://ulsterbankbusinesshub.ie/articles/follow-the-leader-andreea-wade is a valid link
https://ulsterbankbusinesshub.ie/articles/tips-for-fintech-start-ups
https://ulsterbankbusinesshub.ie/articles/tips-for-fintech-start-ups is a valid link
https://ulsterbankbusinesshub.ie/articles/4269d38b-8aff-a6bf-a6a5-e0239db02e04
https://ulsterbankbusinesshub.ie/articles/4269d38b-8aff-a6bf-a6a5-e0239db02e04 is a valid link
https://ulsterbankbusinesshub.ie/articles/3c25a89c-f284-bbb6-807e-624cc8472fd1
https://ulsterbankbusinesshub.ie/articles/3c25a89c-f284-bbb6-807e-624cc8472fd1 is a valid link
https://ulsterbankbusinesshub.ie/articles/gaining-momentum-alison-banton-brooke-and-shoals
https://ulsterbankbusinesshub.ie/articles/gaining-momentum-alison-banton-brooke-and-shoals is a valid link
https://ulsterbankbusinesshub.ie/
https://ulsterbankbusinesshub.ie/ is a valid link
https://ulsterbankbusinesshub.ie/static/accessibility-bh
https://ulsterbankbusinesshub.ie/static/accessibility-bh is a valid link
https://ulsterbankbusinesshub.ie/static/privacy
https://ulsterbankbusinesshub.ie/static/privacy is a valid link
https://ulsterbankbusinesshub.ie/static/terms-and-conditions-ulsterroi
https://ulsterbankbusinesshub.ie/static/terms-and-conditions-ulsterroi is a valid link
https://www.linkedin.com/company/ulster-bank
https://www.linkedin.com/company/ulster-bank is a broken link
https://twitter.com/UlsterBank
https://twitter.com/UlsterBank is a valid link
https://www.facebook.com/UlsterBank/
https://www.facebook.com/UlsterBank/ is a valid link
https://onetrust.com/poweredbyonetrust
https://onetrust.com/poweredbyonetrust is a valid link
http://ulsterbankbusinesshub.ie/Privacy/
http://ulsterbankbusinesshub.ie/Privacy/ is a valid link
https://onetrust.com/poweredbyonetrust
https://onetrust.com/poweredbyonetrust is a valid link
55
https://ulsterbankbusinesshub.ie/articles#
https://ulsterbankbusinesshub.ie/articles# is a valid link
https://ulsterbankbusinesshub.ie/
https://ulsterbankbusinesshub.ie/ is a valid link
https://ulsterbankbusinesshub.ie/business-guidance
https://ulsterbankbusinesshub.ie/business-guidance is a valid link
https://ulsterbankbusinesshub.ie/sectors
https://ulsterbankbusinesshub.ie/sectors is a valid link
https://ulsterbankbusinesshub.ie/toolkits
https://ulsterbankbusinesshub.ie/toolkits is a valid link
https://ulsterbankbusinesshub.ie/articles/2d7b954c-e88a-868f-ae67-aa88eac41638
https://ulsterbankbusinesshub.ie/articles/2d7b954c-e88a-868f-ae67-aa88eac41638 is a valid link
https://ulsterbankbusinesshub.ie/articles/59e99f7f-738a-a6c6-ad2f-1b1f36f14c48
https://ulsterbankbusinesshub.ie/articles/59e99f7f-738a-a6c6-ad2f-1b1f36f14c48 is a valid link
https://ulsterbankbusinesshub.ie/articles/5217ee35-b6d6-92d5-afe6-0f0729251517
https://ulsterbankbusinesshub.ie/articles/5217ee35-b6d6-92d5-afe6-0f0729251517 is a valid link
https://ulsterbankbusinesshub.ie/articles/ac96c26f-0d7d-b669-8849-5dc25963dca3
https://ulsterbankbusinesshub.ie/articles/ac96c26f-0d7d-b669-8849-5dc25963dca3 is a valid link
https://ulsterbankbusinesshub.ie/articles/c818fb45-14b9-8d90-97f2-23ab1442fd02
https://ulsterbankbusinesshub.ie/articles/c818fb45-14b9-8d90-97f2-23ab1442fd02 is a valid link
https://ulsterbankbusinesshub.ie/articles/51a29c13-7e07-8e24-a1aa-706ae0ace54a
https://ulsterbankbusinesshub.ie/articles/51a29c13-7e07-8e24-a1aa-706ae0ace54a is a valid link
https://ulsterbankbusinesshub.ie/articles/d1f075ff-7167-9b97-816b-b6564cb08b22
https://ulsterbankbusinesshub.ie/articles/d1f075ff-7167-9b97-816b-b6564cb08b22 is a valid link
https://ulsterbankbusinesshub.ie/articles/ade80b07-9ca8-8d5a-8462-eb76a646fceb
https://ulsterbankbusinesshub.ie/articles/ade80b07-9ca8-8d5a-8462-eb76a646fceb is a valid link
https://ulsterbankbusinesshub.ie/articles/7348f7c6-6ef3-be54-be26-14532702c7c4
https://ulsterbankbusinesshub.ie/articles/7348f7c6-6ef3-be54-be26-14532702c7c4 is a valid link
https://ulsterbankbusinesshub.ie/articles/db851db2-a885-a537-96a4-73149d244ca1
https://ulsterbankbusinesshub.ie/articles/db851db2-a885-a537-96a4-73149d244ca1 is a valid link
https://ulsterbankbusinesshub.ie/articles/aab960d2-46c1-bb88-b9e6-787ba674e152
https://ulsterbankbusinesshub.ie/articles/aab960d2-46c1-bb88-b9e6-787ba674e152 is a valid link
https://ulsterbankbusinesshub.ie/articles/8fe52a30-d0a4-99c1-9629-f4470e7f16a1
https://ulsterbankbusinesshub.ie/articles/8fe52a30-d0a4-99c1-9629-f4470e7f16a1 is a valid link
https://ulsterbankbusinesshub.ie/articles/545903bd-6587-b68f-ba35-4b121ce1a9ff
https://ulsterbankbusinesshub.ie/articles/545903bd-6587-b68f-ba35-4b121ce1a9ff is a valid link
https://ulsterbankbusinesshub.ie/articles/7850d5a7-5aef-93fc-b9b9-eca8cc39e0c8
https://ulsterbankbusinesshub.ie/articles/7850d5a7-5aef-93fc-b9b9-eca8cc39e0c8 is a valid link
https://ulsterbankbusinesshub.ie/articles/digital-marketing-trends-and-opportunities-in-2018
https://ulsterbankbusinesshub.ie/articles/digital-marketing-trends-and-opportunities-in-2018 is a valid link
https://ulsterbankbusinesshub.ie/articles/improving-the-customer-experience-on-the-irish-high-street
https://ulsterbankbusinesshub.ie/articles/improving-the-customer-experience-on-the-irish-high-street is a valid link
https://ulsterbankbusinesshub.ie/articles/fd4275f8-5e2f-8dff-869b-1552ccfd4fc6
https://ulsterbankbusinesshub.ie/articles/fd4275f8-5e2f-8dff-869b-1552ccfd4fc6 is a valid link
https://ulsterbankbusinesshub.ie/articles/d17b6f14-d63a-aac4-8db5-b61b2e2aa5b7
https://ulsterbankbusinesshub.ie/articles/d17b6f14-d63a-aac4-8db5-b61b2e2aa5b7 is a valid link
https://ulsterbankbusinesshub.ie/articles/51622fa1-4f0f-ad36-9e63-59c5702f07c1
https://ulsterbankbusinesshub.ie/articles/51622fa1-4f0f-ad36-9e63-59c5702f07c1 is a valid link
https://ulsterbankbusinesshub.ie/articles/3045c132-32e3-b5f8-9b61-8d74069ae06a
https://ulsterbankbusinesshub.ie/articles/3045c132-32e3-b5f8-9b61-8d74069ae06a is a valid link
https://ulsterbankbusinesshub.ie/articles/f24100b9-9522-9644-852e-a8b4b2059832
https://ulsterbankbusinesshub.ie/articles/f24100b9-9522-9644-852e-a8b4b2059832 is a valid link
https://ulsterbankbusinesshub.ie/articles/think-global
https://ulsterbankbusinesshub.ie/articles/think-global is a valid link
https://ulsterbankbusinesshub.ie/articles/d92d396f-3422-a458-b43e-6b76ed439e8a
https://ulsterbankbusinesshub.ie/articles/d92d396f-3422-a458-b43e-6b76ed439e8a is a valid link
https://ulsterbankbusinesshub.ie/articles/c0b8e3dc-ef2b-9578-a697-c05bd1322766
https://ulsterbankbusinesshub.ie/articles/c0b8e3dc-ef2b-9578-a697-c05bd1322766 is a valid link
https://ulsterbankbusinesshub.ie/articles/incentivising-investment-the-tax-landscape-as-lever
https://ulsterbankbusinesshub.ie/articles/incentivising-investment-the-tax-landscape-as-lever is a valid link
https://ulsterbankbusinesshub.ie/articles/episode-1-richard-hayden-sportsturf-consultant-and-MD-of-Hayden-Turfcare
https://ulsterbankbusinesshub.ie/articles/episode-1-richard-hayden-sportsturf-consultant-and-MD-of-Hayden-Turfcare is a valid link
https://ulsterbankbusinesshub.ie/articles/green-light-section-481
https://ulsterbankbusinesshub.ie/articles/green-light-section-481 is a valid link
https://ulsterbankbusinesshub.ie/articles/gdpr-for-smes
https://ulsterbankbusinesshub.ie/articles/gdpr-for-smes is a valid link
https://ulsterbankbusinesshub.ie/articles/follow-the-leader-anthony-birchall
https://ulsterbankbusinesshub.ie/articles/follow-the-leader-anthony-birchall is a valid link
https://ulsterbankbusinesshub.ie/articles/building-for-brexit
https://ulsterbankbusinesshub.ie/articles/building-for-brexit is a valid link
https://ulsterbankbusinesshub.ie/articles/steering-smes-through-brexit
https://ulsterbankbusinesshub.ie/articles/steering-smes-through-brexit is a valid link
https://ulsterbankbusinesshub.ie/articles/follow-the-leader-emma-kennedy
https://ulsterbankbusinesshub.ie/articles/follow-the-leader-emma-kennedy is a valid link
https://ulsterbankbusinesshub.ie/articles/follow-the-leader-dave-meier
https://ulsterbankbusinesshub.ie/articles/follow-the-leader-dave-meier is a valid link
https://ulsterbankbusinesshub.ie/articles/building-capabilities-in-agriculture
https://ulsterbankbusinesshub.ie/articles/building-capabilities-in-agriculture is a valid link
https://ulsterbankbusinesshub.ie/articles/emerging-technologies-shaping-the-future-of-customer-service
https://ulsterbankbusinesshub.ie/articles/emerging-technologies-shaping-the-future-of-customer-service is a valid link
https://ulsterbankbusinesshub.ie/articles/meet-the-ceo-brooke-tully
https://ulsterbankbusinesshub.ie/articles/meet-the-ceo-brooke-tully is a valid link
https://ulsterbankbusinesshub.ie/articles/the-future-is-now
https://ulsterbankbusinesshub.ie/articles/the-future-is-now is a valid link
https://ulsterbankbusinesshub.ie/articles/supermarket-sweeps
https://ulsterbankbusinesshub.ie/articles/supermarket-sweeps is a valid link
https://ulsterbankbusinesshub.ie/articles/the-wild-atlantic-way-is-a-winner-for-tourism
https://ulsterbankbusinesshub.ie/articles/the-wild-atlantic-way-is-a-winner-for-tourism is a valid link
https://ulsterbankbusinesshub.ie/articles/brexit-update-the-swiss-model
https://ulsterbankbusinesshub.ie/articles/brexit-update-the-swiss-model is a valid link
https://ulsterbankbusinesshub.ie/
https://ulsterbankbusinesshub.ie/ is a valid link
https://ulsterbankbusinesshub.ie/static/accessibility-bh
https://ulsterbankbusinesshub.ie/static/accessibility-bh is a valid link
https://ulsterbankbusinesshub.ie/static/privacy
https://ulsterbankbusinesshub.ie/static/privacy is a valid link
https://ulsterbankbusinesshub.ie/static/terms-and-conditions-ulsterroi
https://ulsterbankbusinesshub.ie/static/terms-and-conditions-ulsterroi is a valid link
https://www.linkedin.com/company/ulster-bank
https://www.linkedin.com/company/ulster-bank is a broken link
https://twitter.com/UlsterBank
https://twitter.com/UlsterBank is a valid link
https://www.facebook.com/UlsterBank/
https://www.facebook.com/UlsterBank/ is a valid link
https://onetrust.com/poweredbyonetrust
https://onetrust.com/poweredbyonetrust is a valid link
http://ulsterbankbusinesshub.ie/Privacy/
http://ulsterbankbusinesshub.ie/Privacy/ is a valid link
https://onetrust.com/poweredbyonetrust
https://onetrust.com/poweredbyonetrust is a valid link
55
https://ulsterbankbusinesshub.ie/articles#
https://ulsterbankbusinesshub.ie/articles# is a valid link
https://ulsterbankbusinesshub.ie/
https://ulsterbankbusinesshub.ie/ is a valid link
https://ulsterbankbusinesshub.ie/business-guidance
https://ulsterbankbusinesshub.ie/business-guidance is a valid link
https://ulsterbankbusinesshub.ie/sectors
https://ulsterbankbusinesshub.ie/sectors is a valid link
https://ulsterbankbusinesshub.ie/toolkits
https://ulsterbankbusinesshub.ie/toolkits is a valid link
https://ulsterbankbusinesshub.ie/articles/smart-business
https://ulsterbankbusinesshub.ie/articles/smart-business is a valid link
https://ulsterbankbusinesshub.ie/articles/eu-gdpr-how-to-prepare
https://ulsterbankbusinesshub.ie/articles/eu-gdpr-how-to-prepare is a valid link
https://ulsterbankbusinesshub.ie/articles/for-club-and-country
https://ulsterbankbusinesshub.ie/articles/for-club-and-country is a valid link
https://ulsterbankbusinesshub.ie/articles/five-reasons-to-choose-crm
https://ulsterbankbusinesshub.ie/articles/five-reasons-to-choose-crm is a valid link
https://ulsterbankbusinesshub.ie/articles/transmission-banking-making-it-easy
https://ulsterbankbusinesshub.ie/articles/transmission-banking-making-it-easy is a valid link
https://ulsterbankbusinesshub.ie/articles/getting-to-grips-with-dairy-expansion
https://ulsterbankbusinesshub.ie/articles/getting-to-grips-with-dairy-expansion is a valid link
https://ulsterbankbusinesshub.ie/articles/social-selling
https://ulsterbankbusinesshub.ie/articles/social-selling is a valid link
https://ulsterbankbusinesshub.ie/articles/what-budget-2018-means-for-agriculture
https://ulsterbankbusinesshub.ie/articles/what-budget-2018-means-for-agriculture is a valid link
https://ulsterbankbusinesshub.ie/articles/password-perfection
https://ulsterbankbusinesshub.ie/articles/password-perfection is a valid link
https://ulsterbankbusinesshub.ie/articles/phishing-scams-dont-take-the-bait
https://ulsterbankbusinesshub.ie/articles/phishing-scams-dont-take-the-bait is a valid link
https://ulsterbankbusinesshub.ie/articles/how-innovation-can-set-larger-businesses-apart
https://ulsterbankbusinesshub.ie/articles/how-innovation-can-set-larger-businesses-apart is a valid link
https://ulsterbankbusinesshub.ie/articles/what-makes-the-ideal-office-space
https://ulsterbankbusinesshub.ie/articles/what-makes-the-ideal-office-space is a valid link
https://ulsterbankbusinesshub.ie/articles/setting-up-shop-in-the-uk
https://ulsterbankbusinesshub.ie/articles/setting-up-shop-in-the-uk is a valid link
https://ulsterbankbusinesshub.ie/articles/how-large-companies-can-think-big
https://ulsterbankbusinesshub.ie/articles/how-large-companies-can-think-big is a valid link
https://ulsterbankbusinesshub.ie/articles/emerging-technologies-for-business
https://ulsterbankbusinesshub.ie/articles/emerging-technologies-for-business is a valid link
https://ulsterbankbusinesshub.ie/articles/on-the-irish-roads
https://ulsterbankbusinesshub.ie/articles/on-the-irish-roads is a valid link
https://ulsterbankbusinesshub.ie/articles/changing-agri-business-models
https://ulsterbankbusinesshub.ie/articles/changing-agri-business-models is a valid link
https://ulsterbankbusinesshub.ie/articles/funding-growth-and-sales-into-new-markets
https://ulsterbankbusinesshub.ie/articles/funding-growth-and-sales-into-new-markets is a valid link
https://ulsterbankbusinesshub.ie/articles/ready-to-brexit
https://ulsterbankbusinesshub.ie/articles/ready-to-brexit is a valid link
https://ulsterbankbusinesshub.ie/articles/the-beginners-guide-to-sizing-up-a-franchise-ubroi
https://ulsterbankbusinesshub.ie/articles/the-beginners-guide-to-sizing-up-a-franchise-ubroi is a valid link
https://ulsterbankbusinesshub.ie/articles/five-things-you-need-to-know-about-ransomware-ubroi
https://ulsterbankbusinesshub.ie/articles/five-things-you-need-to-know-about-ransomware-ubroi is a valid link
https://ulsterbankbusinesshub.ie/articles/the-mobile-workforce-ubroi
https://ulsterbankbusinesshub.ie/articles/the-mobile-workforce-ubroi is a valid link
https://ulsterbankbusinesshub.ie/articles/the-feelgood-factor
https://ulsterbankbusinesshub.ie/articles/the-feelgood-factor is a valid link
https://ulsterbankbusinesshub.ie/articles/edeb0d97-3718-8f2f-8170-f723dfe42c05
https://ulsterbankbusinesshub.ie/articles/edeb0d97-3718-8f2f-8170-f723dfe42c05 is a valid link
https://ulsterbankbusinesshub.ie/articles/5c1a85fd-6484-8d9f-a6c5-c93e1a2aafb0
https://ulsterbankbusinesshub.ie/articles/5c1a85fd-6484-8d9f-a6c5-c93e1a2aafb0 is a valid link
https://ulsterbankbusinesshub.ie/articles/11c84f6c-b282-92b0-adb1-c35df28f7e20
https://ulsterbankbusinesshub.ie/articles/11c84f6c-b282-92b0-adb1-c35df28f7e20 is a valid link
https://ulsterbankbusinesshub.ie/articles/6f538c81-a1ba-8d51-9171-d679126f5fbe
https://ulsterbankbusinesshub.ie/articles/6f538c81-a1ba-8d51-9171-d679126f5fbe is a valid link
https://ulsterbankbusinesshub.ie/articles/c5770f87-bcb6-be13-af93-d431fc9cc3d3
https://ulsterbankbusinesshub.ie/articles/c5770f87-bcb6-be13-af93-d431fc9cc3d3 is a valid link
https://ulsterbankbusinesshub.ie/articles/10a0de9a-a4d9-9786-b9d0-a1cae878237b
https://ulsterbankbusinesshub.ie/articles/10a0de9a-a4d9-9786-b9d0-a1cae878237b is a valid link
https://ulsterbankbusinesshub.ie/articles/55bc65f5-a0fb-8825-8409-6e75eee9ae5d
https://ulsterbankbusinesshub.ie/articles/55bc65f5-a0fb-8825-8409-6e75eee9ae5d is a valid link
https://ulsterbankbusinesshub.ie/articles/08a79e21-0a57-8414-85ca-4af3bfd15de2
https://ulsterbankbusinesshub.ie/articles/08a79e21-0a57-8414-85ca-4af3bfd15de2 is a valid link
https://ulsterbankbusinesshub.ie/articles/156dce1f-54fc-9b51-bb40-31793eac6eec
https://ulsterbankbusinesshub.ie/articles/156dce1f-54fc-9b51-bb40-31793eac6eec is a valid link
https://ulsterbankbusinesshub.ie/articles/662f6baf-6c84-a1ed-b065-110d72825d14
https://ulsterbankbusinesshub.ie/articles/662f6baf-6c84-a1ed-b065-110d72825d14 is a valid link
https://ulsterbankbusinesshub.ie/articles/d0f6aca7-52e2-b9d6-86eb-d151f29f38f2
https://ulsterbankbusinesshub.ie/articles/d0f6aca7-52e2-b9d6-86eb-d151f29f38f2 is a valid link
https://ulsterbankbusinesshub.ie/articles/09485c5d-36bb-9540-8021-9d070366b3ea
https://ulsterbankbusinesshub.ie/articles/09485c5d-36bb-9540-8021-9d070366b3ea is a valid link
https://ulsterbankbusinesshub.ie/articles/a0252d2c-c45d-9b6a-88f9-d833def2716b
https://ulsterbankbusinesshub.ie/articles/a0252d2c-c45d-9b6a-88f9-d833def2716b is a valid link
https://ulsterbankbusinesshub.ie/articles/36858faf-2bb0-b960-a629-db37f4426260
https://ulsterbankbusinesshub.ie/articles/36858faf-2bb0-b960-a629-db37f4426260 is a valid link
https://ulsterbankbusinesshub.ie/articles/99d5cadc-66ec-8331-828a-bfa333cc7c64
https://ulsterbankbusinesshub.ie/articles/99d5cadc-66ec-8331-828a-bfa333cc7c64 is a valid link
https://ulsterbankbusinesshub.ie/articles/f3593e2d-8197-8920-8f5d-1edbc5631623
https://ulsterbankbusinesshub.ie/articles/f3593e2d-8197-8920-8f5d-1edbc5631623 is a valid link
https://ulsterbankbusinesshub.ie/articles/eecaf483-37b2-93ce-81d3-fcde632ad310
https://ulsterbankbusinesshub.ie/articles/eecaf483-37b2-93ce-81d3-fcde632ad310 is a valid link
https://ulsterbankbusinesshub.ie/
https://ulsterbankbusinesshub.ie/ is a valid link
https://ulsterbankbusinesshub.ie/static/accessibility-bh
https://ulsterbankbusinesshub.ie/static/accessibility-bh is a valid link
https://ulsterbankbusinesshub.ie/static/privacy
https://ulsterbankbusinesshub.ie/static/privacy is a valid link
https://ulsterbankbusinesshub.ie/static/terms-and-conditions-ulsterroi
https://ulsterbankbusinesshub.ie/static/terms-and-conditions-ulsterroi is a valid link
https://www.linkedin.com/company/ulster-bank
https://www.linkedin.com/company/ulster-bank is a broken link
https://twitter.com/UlsterBank
https://twitter.com/UlsterBank is a valid link
https://www.facebook.com/UlsterBank/
https://www.facebook.com/UlsterBank/ is a valid link
https://onetrust.com/poweredbyonetrust
https://onetrust.com/poweredbyonetrust is a valid link
http://ulsterbankbusinesshub.ie/Privacy/
http://ulsterbankbusinesshub.ie/Privacy/ is a valid link
https://onetrust.com/poweredbyonetrust
https://onetrust.com/poweredbyonetrust is a valid link
55
https://ulsterbankbusinesshub.ie/articles#
https://ulsterbankbusinesshub.ie/articles# is a valid link
https://ulsterbankbusinesshub.ie/
https://ulsterbankbusinesshub.ie/ is a valid link
https://ulsterbankbusinesshub.ie/business-guidance
https://ulsterbankbusinesshub.ie/business-guidance is a valid link
https://ulsterbankbusinesshub.ie/sectors
https://ulsterbankbusinesshub.ie/sectors is a valid link
https://ulsterbankbusinesshub.ie/toolkits
https://ulsterbankbusinesshub.ie/toolkits is a valid link
https://ulsterbankbusinesshub.ie/articles/da59f8e1-5f93-a3d3-a8cb-cd82a959befc
https://ulsterbankbusinesshub.ie/articles/da59f8e1-5f93-a3d3-a8cb-cd82a959befc is a valid link
https://ulsterbankbusinesshub.ie/articles/737ad84a-1580-947b-a8d9-0e90f1fffe4a
https://ulsterbankbusinesshub.ie/articles/737ad84a-1580-947b-a8d9-0e90f1fffe4a is a valid link
https://ulsterbankbusinesshub.ie/articles/db12f5a2-1f62-9458-904a-c93451a264c0
https://ulsterbankbusinesshub.ie/articles/db12f5a2-1f62-9458-904a-c93451a264c0 is a valid link
https://ulsterbankbusinesshub.ie/articles/5c51ead3-a1b3-93af-9fda-0fb60d16f25e
https://ulsterbankbusinesshub.ie/articles/5c51ead3-a1b3-93af-9fda-0fb60d16f25e is a valid link
https://ulsterbankbusinesshub.ie/articles/aec12804-6766-bc98-a944-8c1a47b07eae
https://ulsterbankbusinesshub.ie/articles/aec12804-6766-bc98-a944-8c1a47b07eae is a valid link
https://ulsterbankbusinesshub.ie/articles/c16b1f12-892c-bcca-86f3-906d2b9eb77f
https://ulsterbankbusinesshub.ie/articles/c16b1f12-892c-bcca-86f3-906d2b9eb77f is a valid link
https://ulsterbankbusinesshub.ie/articles/9e0e119a-5e2e-9e83-8ae6-eb6d77e92bf2
https://ulsterbankbusinesshub.ie/articles/9e0e119a-5e2e-9e83-8ae6-eb6d77e92bf2 is a valid link
https://ulsterbankbusinesshub.ie/articles/e659eea4-a8a0-8639-9de9-c8066562498b
https://ulsterbankbusinesshub.ie/articles/e659eea4-a8a0-8639-9de9-c8066562498b is a valid link
https://ulsterbankbusinesshub.ie/articles/4a4cc033-b4cf-92e2-813d-3d77c7d981e6
https://ulsterbankbusinesshub.ie/articles/4a4cc033-b4cf-92e2-813d-3d77c7d981e6 is a valid link
https://ulsterbankbusinesshub.ie/articles/c2c63e68-fc73-b53f-9a00-5d077d1858e2
https://ulsterbankbusinesshub.ie/articles/c2c63e68-fc73-b53f-9a00-5d077d1858e2 is a valid link
https://ulsterbankbusinesshub.ie/articles/e7c334ab-34aa-a4f0-a0a7-71819ebac010
https://ulsterbankbusinesshub.ie/articles/e7c334ab-34aa-a4f0-a0a7-71819ebac010 is a valid link
https://ulsterbankbusinesshub.ie/articles/26642792-4b81-b112-8793-e40e5ad92b9d
https://ulsterbankbusinesshub.ie/articles/26642792-4b81-b112-8793-e40e5ad92b9d is a valid link
https://ulsterbankbusinesshub.ie/articles/31325a7a-d74e-bd56-acd5-467abdf55f0d
https://ulsterbankbusinesshub.ie/articles/31325a7a-d74e-bd56-acd5-467abdf55f0d is a valid link
https://ulsterbankbusinesshub.ie/articles/500b16cb-729d-a156-837c-a67edf88e5de
https://ulsterbankbusinesshub.ie/articles/500b16cb-729d-a156-837c-a67edf88e5de is a valid link
https://ulsterbankbusinesshub.ie/articles/22fd2f43-57a1-ba3b-a491-bc31913895c3
https://ulsterbankbusinesshub.ie/articles/22fd2f43-57a1-ba3b-a491-bc31913895c3 is a valid link
https://ulsterbankbusinesshub.ie/articles/8efc20ab-e2ca-9513-849c-6f8090c694b5
https://ulsterbankbusinesshub.ie/articles/8efc20ab-e2ca-9513-849c-6f8090c694b5 is a valid link
https://ulsterbankbusinesshub.ie/articles/df4df334-19a9-b151-80cc-bb428bff893e
https://ulsterbankbusinesshub.ie/articles/df4df334-19a9-b151-80cc-bb428bff893e is a valid link
https://ulsterbankbusinesshub.ie/articles/e0d71b8a-edfa-8048-9685-00f735067364
https://ulsterbankbusinesshub.ie/articles/e0d71b8a-edfa-8048-9685-00f735067364 is a valid link
https://ulsterbankbusinesshub.ie/articles/f87cdd15-031e-b1cc-8a7a-1a65a1fa3e16
https://ulsterbankbusinesshub.ie/articles/f87cdd15-031e-b1cc-8a7a-1a65a1fa3e16 is a valid link
https://ulsterbankbusinesshub.ie/articles/356bed87-b637-94eb-adf2-4cfa813113af
https://ulsterbankbusinesshub.ie/articles/356bed87-b637-94eb-adf2-4cfa813113af is a valid link
https://ulsterbankbusinesshub.ie/articles/c91eed02-ea57-bc21-bb72-1a104f425710
https://ulsterbankbusinesshub.ie/articles/c91eed02-ea57-bc21-bb72-1a104f425710 is a valid link
https://ulsterbankbusinesshub.ie/articles/5a557541-4d9c-895d-9e9c-b7f3c73e6b7d
https://ulsterbankbusinesshub.ie/articles/5a557541-4d9c-895d-9e9c-b7f3c73e6b7d is a valid link
https://ulsterbankbusinesshub.ie/articles/five-timeless-hiring-tips-for-your-small-business
https://ulsterbankbusinesshub.ie/articles/five-timeless-hiring-tips-for-your-small-business is a valid link
https://ulsterbankbusinesshub.ie/articles/ff1bfcb5-9cc0-96b2-a51c-15a663df008e
https://ulsterbankbusinesshub.ie/articles/ff1bfcb5-9cc0-96b2-a51c-15a663df008e is a valid link
https://ulsterbankbusinesshub.ie/articles/926e451f-1fb6-838c-8d7e-e8d1e488dc5d
https://ulsterbankbusinesshub.ie/articles/926e451f-1fb6-838c-8d7e-e8d1e488dc5d is a valid link
https://ulsterbankbusinesshub.ie/articles/b563208f-4305-8bb9-b0fb-34556d6f34d5
https://ulsterbankbusinesshub.ie/articles/b563208f-4305-8bb9-b0fb-34556d6f34d5 is a valid link
https://ulsterbankbusinesshub.ie/articles/bc3006ce-5bca-b100-831f-04c43be591a0
https://ulsterbankbusinesshub.ie/articles/bc3006ce-5bca-b100-831f-04c43be591a0 is a valid link
https://ulsterbankbusinesshub.ie/articles/c82da5bf-fcce-8c86-ad83-c3dbf4555502
https://ulsterbankbusinesshub.ie/articles/c82da5bf-fcce-8c86-ad83-c3dbf4555502 is a valid link
https://ulsterbankbusinesshub.ie/articles/06180411-e6d7-be30-8976-f5e066fbc6be
https://ulsterbankbusinesshub.ie/articles/06180411-e6d7-be30-8976-f5e066fbc6be is a valid link
https://ulsterbankbusinesshub.ie/articles/e87ade9f-9e0c-bfe4-8d6e-d6d6389a5006
https://ulsterbankbusinesshub.ie/articles/e87ade9f-9e0c-bfe4-8d6e-d6d6389a5006 is a valid link
https://ulsterbankbusinesshub.ie/articles/b37f53d8-26e9-ab44-9d68-54a62951bef8
https://ulsterbankbusinesshub.ie/articles/b37f53d8-26e9-ab44-9d68-54a62951bef8 is a valid link
https://ulsterbankbusinesshub.ie/articles/7624bfd0-aa13-a2ac-9a3f-4f495a7c0664
https://ulsterbankbusinesshub.ie/articles/7624bfd0-aa13-a2ac-9a3f-4f495a7c0664 is a valid link
https://ulsterbankbusinesshub.ie/articles/c4b8f83c-4fe1-9110-914e-7b791a607ac7
https://ulsterbankbusinesshub.ie/articles/c4b8f83c-4fe1-9110-914e-7b791a607ac7 is a valid link
https://ulsterbankbusinesshub.ie/articles/cd7ac4cf-2cfb-8e13-8f4f-ccb7c82c02ac
https://ulsterbankbusinesshub.ie/articles/cd7ac4cf-2cfb-8e13-8f4f-ccb7c82c02ac is a valid link
https://ulsterbankbusinesshub.ie/articles/7e8bd33e-df37-8cfc-afbe-3c27536a3447
https://ulsterbankbusinesshub.ie/articles/7e8bd33e-df37-8cfc-afbe-3c27536a3447 is a valid link
https://ulsterbankbusinesshub.ie/articles/c8158ca7-1f91-b874-87d6-656ff8a318af
https://ulsterbankbusinesshub.ie/articles/c8158ca7-1f91-b874-87d6-656ff8a318af is a valid link
https://ulsterbankbusinesshub.ie/articles/ea165a0f-5349-9daa-8def-103a1e8a4064
https://ulsterbankbusinesshub.ie/articles/ea165a0f-5349-9daa-8def-103a1e8a4064 is a valid link
https://ulsterbankbusinesshub.ie/articles/0fda9d52-b2ec-ae08-ba8b-da29521e1b9a
https://ulsterbankbusinesshub.ie/articles/0fda9d52-b2ec-ae08-ba8b-da29521e1b9a is a valid link
https://ulsterbankbusinesshub.ie/articles/episode-2-peter-byrne-ceo-of-national-coop-farm-relief-services
https://ulsterbankbusinesshub.ie/articles/episode-2-peter-byrne-ceo-of-national-coop-farm-relief-services is a valid link
https://ulsterbankbusinesshub.ie/articles/episode-3-professor-maurice-boland
https://ulsterbankbusinesshub.ie/articles/episode-3-professor-maurice-boland is a valid link
https://ulsterbankbusinesshub.ie/
https://ulsterbankbusinesshub.ie/ is a valid link
https://ulsterbankbusinesshub.ie/static/accessibility-bh
https://ulsterbankbusinesshub.ie/static/accessibility-bh is a valid link
https://ulsterbankbusinesshub.ie/static/privacy
https://ulsterbankbusinesshub.ie/static/privacy is a valid link
https://ulsterbankbusinesshub.ie/static/terms-and-conditions-ulsterroi
https://ulsterbankbusinesshub.ie/static/terms-and-conditions-ulsterroi is a valid link
https://www.linkedin.com/company/ulster-bank
https://www.linkedin.com/company/ulster-bank is a broken link
https://twitter.com/UlsterBank
https://twitter.com/UlsterBank is a valid link
https://www.facebook.com/UlsterBank/
https://www.facebook.com/UlsterBank/ is a valid link
https://onetrust.com/poweredbyonetrust
https://onetrust.com/poweredbyonetrust is a valid link
http://ulsterbankbusinesshub.ie/Privacy/
http://ulsterbankbusinesshub.ie/Privacy/ is a valid link
https://onetrust.com/poweredbyonetrust
https://onetrust.com/poweredbyonetrust is a valid link
55
https://ulsterbankbusinesshub.ie/articles#
https://ulsterbankbusinesshub.ie/articles# is a valid link
https://ulsterbankbusinesshub.ie/
https://ulsterbankbusinesshub.ie/ is a valid link
https://ulsterbankbusinesshub.ie/business-guidance
https://ulsterbankbusinesshub.ie/business-guidance is a valid link
https://ulsterbankbusinesshub.ie/sectors
https://ulsterbankbusinesshub.ie/sectors is a valid link
https://ulsterbankbusinesshub.ie/toolkits
https://ulsterbankbusinesshub.ie/toolkits is a valid link
https://ulsterbankbusinesshub.ie/articles/episode-4-paul-brophy-of-paul-brophy-produce
https://ulsterbankbusinesshub.ie/articles/episode-4-paul-brophy-of-paul-brophy-produce is a valid link
https://ulsterbankbusinesshub.ie/articles/episode-5-tom-murray-of-oshea-farms
https://ulsterbankbusinesshub.ie/articles/episode-5-tom-murray-of-oshea-farms is a valid link
https://ulsterbankbusinesshub.ie/articles/episode-6-john-muldowney-agricultural-attache
https://ulsterbankbusinesshub.ie/articles/episode-6-john-muldowney-agricultural-attache is a valid link
https://ulsterbankbusinesshub.ie/articles/episode-7-una-dillon
https://ulsterbankbusinesshub.ie/articles/episode-7-una-dillon is a valid link
https://ulsterbankbusinesshub.ie/articles/episode-8-darragh-mccullough-elmgrove-farm
https://ulsterbankbusinesshub.ie/articles/episode-8-darragh-mccullough-elmgrove-farm is a valid link
https://ulsterbankbusinesshub.ie/
https://ulsterbankbusinesshub.ie/ is a valid link
https://ulsterbankbusinesshub.ie/static/accessibility-bh
https://ulsterbankbusinesshub.ie/static/accessibility-bh is a valid link
https://ulsterbankbusinesshub.ie/static/privacy
https://ulsterbankbusinesshub.ie/static/privacy is a valid link
https://ulsterbankbusinesshub.ie/static/terms-and-conditions-ulsterroi
https://ulsterbankbusinesshub.ie/static/terms-and-conditions-ulsterroi is a valid link
https://www.linkedin.com/company/ulster-bank
https://www.linkedin.com/company/ulster-bank is a broken link
https://twitter.com/UlsterBank
https://twitter.com/UlsterBank is a valid link
https://www.facebook.com/UlsterBank/
https://www.facebook.com/UlsterBank/ is a valid link
https://onetrust.com/poweredbyonetrust
https://onetrust.com/poweredbyonetrust is a valid link
http://ulsterbankbusinesshub.ie/Privacy/
http://ulsterbankbusinesshub.ie/Privacy/ is a valid link
https://onetrust.com/poweredbyonetrust
https://onetrust.com/poweredbyonetrust is a valid link
20
]]></system-out>
  </testcase>
  <testcase name="| chrome |" classname="| chrome |" time="0.026">
    <error message="element click intercepted: Element &lt;span class=&quot;c185 c1642 c1618&quot;&gt;...&lt;/span&gt; is not clickable at point (736, 390). Other element would receive the click: &lt;div class=&quot;c1613 c1610&quot;&gt;...&lt;/div&gt;&#10;  (Session info: chrome=92.0.4515.159)&#10;Build info: version: &apos;3.141.59&apos;, revision: &apos;e82be7d358&apos;, time: &apos;2018-11-14T08:17:03&apos;&#10;System info: host: &apos;LT-5CD03610PH&apos;, ip: &apos;192.168.0.103&apos;, os.name: &apos;Windows 10&apos;, os.arch: &apos;amd64&apos;, os.version: &apos;10.0&apos;, java.version: &apos;11.0.9&apos;&#10;Driver info: org.openqa.selenium.chrome.ChromeDriver&#10;Capabilities {acceptInsecureCerts: false, browserName: chrome, browserVersion: 92.0.4515.159, chrome: {chromedriverVersion: 92.0.4515.107 (87a818b10553..., userDataDir: C:\Users\VENKAT~1.KUN\AppDa...}, goog:chromeOptions: {debuggerAddress: localhost:65027}, javascriptEnabled: true, networkConnectionEnabled: false, pageLoadStrategy: normal, platform: WINDOWS, platformName: WINDOWS, proxy: Proxy(), setWindowRect: true, strictFileInteractability: false, timeouts: {implicit: 0, pageLoad: 300000, script: 30000}, unhandledPromptBehavior: dismiss and notify, webauthn:extension:credBlob: true, webauthn:extension:largeBlob: true, webauthn:virtualAuthenticators: true}&#10;Session ID: 6cb556adc676831ebd23eed8b74f71ee" type="org.openqa.selenium.ElementClickInterceptedException"><![CDATA[org.openqa.selenium.ElementClickInterceptedException: element click intercepted: Element <span class="c185 c1642 c1618">...</span> is not clickable at point (736, 390). Other element would receive the click: <div class="c1613 c1610">...</div>
  (Session info: chrome=92.0.4515.159)
Build info: version: '3.141.59', revision: 'e82be7d358', time: '2018-11-14T08:17:03'
System info: host: 'LT-5CD03610PH', ip: '192.168.0.103', os.name: 'Windows 10', os.arch: 'amd64', os.version: '10.0', java.version: '11.0.9'
Driver info: org.openqa.selenium.chrome.ChromeDriver
Capabilities {acceptInsecureCerts: false, browserName: chrome, browserVersion: 92.0.4515.159, chrome: {chromedriverVersion: 92.0.4515.107 (87a818b10553..., userDataDir: C:\Users\VENKAT~1.KUN\AppDa...}, goog:chromeOptions: {debuggerAddress: localhost:65027}, javascriptEnabled: true, networkConnectionEnabled: false, pageLoadStrategy: normal, platform: WINDOWS, platformName: WINDOWS, proxy: Proxy(), setWindowRect: true, strictFileInteractability: false, timeouts: {implicit: 0, pageLoad: 300000, script: 30000}, unhandledPromptBehavior: dismiss and notify, webauthn:extension:credBlob: true, webauthn:extension:largeBlob: true, webauthn:virtualAuthenticators: true}
Session ID: 6cb556adc676831ebd23eed8b74f71ee
	at java.base/jdk.internal.reflect.NativeConstructorAccessorImpl.newInstance0(Native Method)
	at java.base/jdk.internal.reflect.NativeConstructorAccessorImpl.newInstance(NativeConstructorAccessorImpl.java:62)
	at java.base/jdk.internal.reflect.DelegatingConstructorAccessorImpl.newInstance(DelegatingConstructorAccessorImpl.java:45)
	at java.base/java.lang.reflect.Constructor.newInstance(Constructor.java:490)
	at org.openqa.selenium.remote.http.W3CHttpResponseCodec.createException(W3CHttpResponseCodec.java:187)
	at org.openqa.selenium.remote.http.W3CHttpResponseCodec.decode(W3CHttpResponseCodec.java:122)
	at org.openqa.selenium.remote.http.W3CHttpResponseCodec.decode(W3CHttpResponseCodec.java:49)
	at org.openqa.selenium.remote.HttpCommandExecutor.execute(HttpCommandExecutor.java:158)
	at org.openqa.selenium.remote.service.DriverCommandExecutor.execute(DriverCommandExecutor.java:83)
	at org.openqa.selenium.remote.RemoteWebDriver.execute(RemoteWebDriver.java:552)
	at org.openqa.selenium.remote.RemoteWebElement.execute(RemoteWebElement.java:285)
	at org.openqa.selenium.remote.RemoteWebElement.click(RemoteWebElement.java:84)
	at stepDefination.Clicking_Articles.click_all_Articles_in_home_page(Clicking_Articles.java:110)
	at ✽.Then click all Articles in home page(ClickingArticles.feature:9)
]]></error>
  </testcase>
</testsuite>